{"C:\\Users\\a933652\\OneDrive - Eviden\\Escritorio\\FactuStock\\FactuStock-H1-2025\\Front\\FactuStock-Front\\src\\App.jsx": {"path":"C:\\Users\\a933652\\OneDrive - Eviden\\Escritorio\\FactuStock\\FactuStock-H1-2025\\Front\\FactuStock-Front\\src\\App.jsx","all":false,"statementMap":{"0":{"start":{"line":1,"column":0},"end":{"line":1,"column":49}},"1":{"start":{"line":2,"column":0},"end":{"line":2,"column":34}},"2":{"start":{"line":3,"column":0},"end":{"line":3,"column":32}},"3":{"start":{"line":4,"column":0},"end":{"line":4,"column":44}},"4":{"start":{"line":5,"column":0},"end":{"line":5,"column":70}},"5":{"start":{"line":6,"column":0},"end":{"line":6,"column":44}},"6":{"start":{"line":7,"column":0},"end":{"line":7,"column":60}},"7":{"start":{"line":8,"column":0},"end":{"line":8,"column":54}},"8":{"start":{"line":9,"column":0},"end":{"line":9,"column":52}},"9":{"start":{"line":10,"column":0},"end":{"line":10,"column":40}},"10":{"start":{"line":11,"column":0},"end":{"line":11,"column":44}},"11":{"start":{"line":12,"column":0},"end":{"line":12,"column":29}},"12":{"start":{"line":13,"column":0},"end":{"line":13,"column":46}},"13":{"start":{"line":14,"column":0},"end":{"line":14,"column":54}},"14":{"start":{"line":15,"column":0},"end":{"line":15,"column":44}},"15":{"start":{"line":16,"column":0},"end":{"line":16,"column":36}},"16":{"start":{"line":17,"column":0},"end":{"line":17,"column":34}},"17":{"start":{"line":18,"column":0},"end":{"line":18,"column":36}},"18":{"start":{"line":19,"column":0},"end":{"line":19,"column":40}},"19":{"start":{"line":20,"column":0},"end":{"line":20,"column":97}},"21":{"start":{"line":22,"column":0},"end":{"line":22,"column":19}},"22":{"start":{"line":23,"column":0},"end":{"line":23,"column":12}},"23":{"start":{"line":24,"column":0},"end":{"line":24,"column":16}},"24":{"start":{"line":25,"column":0},"end":{"line":25,"column":50}},"25":{"start":{"line":26,"column":0},"end":{"line":26,"column":55}},"26":{"start":{"line":27,"column":0},"end":{"line":27,"column":61}},"27":{"start":{"line":28,"column":0},"end":{"line":28,"column":53}},"28":{"start":{"line":29,"column":0},"end":{"line":29,"column":77}},"29":{"start":{"line":30,"column":0},"end":{"line":30,"column":74}},"30":{"start":{"line":31,"column":0},"end":{"line":31,"column":69}},"31":{"start":{"line":32,"column":0},"end":{"line":32,"column":58}},"32":{"start":{"line":33,"column":0},"end":{"line":33,"column":60}},"33":{"start":{"line":34,"column":0},"end":{"line":34,"column":61}},"34":{"start":{"line":35,"column":0},"end":{"line":35,"column":81}},"35":{"start":{"line":36,"column":0},"end":{"line":36,"column":62}},"36":{"start":{"line":37,"column":0},"end":{"line":37,"column":79}},"37":{"start":{"line":38,"column":0},"end":{"line":38,"column":51}},"38":{"start":{"line":39,"column":0},"end":{"line":39,"column":53}},"39":{"start":{"line":40,"column":0},"end":{"line":40,"column":53}},"40":{"start":{"line":41,"column":0},"end":{"line":41,"column":57}},"41":{"start":{"line":42,"column":0},"end":{"line":42,"column":70}},"43":{"start":{"line":44,"column":0},"end":{"line":44,"column":17}},"45":{"start":{"line":46,"column":0},"end":{"line":46,"column":2}},"47":{"start":{"line":48,"column":0},"end":{"line":48,"column":19}}},"s":{"0":1,"1":1,"2":1,"3":1,"4":1,"5":1,"6":1,"7":1,"8":1,"9":1,"10":1,"11":1,"12":1,"13":1,"14":1,"15":1,"16":1,"17":1,"18":1,"19":1,"21":1,"22":4,"23":4,"24":4,"25":4,"26":4,"27":4,"28":4,"29":4,"30":4,"31":4,"32":4,"33":4,"34":4,"35":4,"36":4,"37":4,"38":4,"39":4,"40":4,"41":4,"43":4,"45":4,"47":1},"branchMap":{"0":{"type":"branch","line":22,"loc":{"start":{"line":22,"column":12},"end":{"line":46,"column":2}},"locations":[{"start":{"line":22,"column":12},"end":{"line":46,"column":2}}]}},"b":{"0":[4]},"fnMap":{"0":{"name":"App","decl":{"start":{"line":22,"column":12},"end":{"line":46,"column":2}},"loc":{"start":{"line":22,"column":12},"end":{"line":46,"column":2}},"line":22}},"f":{"0":4}}
,"C:\\Users\\a933652\\OneDrive - Eviden\\Escritorio\\FactuStock\\FactuStock-H1-2025\\Front\\FactuStock-Front\\src\\main.jsx": {"path":"C:\\Users\\a933652\\OneDrive - Eviden\\Escritorio\\FactuStock\\FactuStock-H1-2025\\Front\\FactuStock-Front\\src\\main.jsx","all":false,"statementMap":{"0":{"start":{"line":1,"column":0},"end":{"line":1,"column":40}},"1":{"start":{"line":2,"column":0},"end":{"line":2,"column":88}},"2":{"start":{"line":3,"column":0},"end":{"line":3,"column":24}},"4":{"start":{"line":5,"column":0},"end":{"line":5,"column":66}},"6":{"start":{"line":7,"column":0},"end":{"line":7,"column":12}},"7":{"start":{"line":8,"column":0},"end":{"line":8,"column":17}},"8":{"start":{"line":9,"column":0},"end":{"line":9,"column":11}},"9":{"start":{"line":10,"column":0},"end":{"line":10,"column":18}},"10":{"start":{"line":11,"column":0},"end":{"line":11,"column":2}}},"s":{"0":1,"1":1,"2":1,"4":1,"6":1,"7":1,"8":1,"9":1,"10":1},"branchMap":{},"b":{},"fnMap":{},"f":{}}
,"C:\\Users\\a933652\\OneDrive - Eviden\\Escritorio\\FactuStock\\FactuStock-H1-2025\\Front\\FactuStock-Front\\src\\components\\Sidebar.jsx": {"path":"C:\\Users\\a933652\\OneDrive - Eviden\\Escritorio\\FactuStock\\FactuStock-H1-2025\\Front\\FactuStock-Front\\src\\components\\Sidebar.jsx","all":false,"statementMap":{"0":{"start":{"line":1,"column":0},"end":{"line":1,"column":53}},"1":{"start":{"line":2,"column":0},"end":{"line":2,"column":51}},"3":{"start":{"line":4,"column":0},"end":{"line":4,"column":23}},"4":{"start":{"line":5,"column":0},"end":{"line":5,"column":33}},"5":{"start":{"line":6,"column":0},"end":{"line":6,"column":54}},"7":{"start":{"line":8,"column":0},"end":{"line":8,"column":19}},"8":{"start":{"line":9,"column":0},"end":{"line":9,"column":60}},"9":{"start":{"line":10,"column":0},"end":{"line":10,"column":25}},"10":{"start":{"line":11,"column":0},"end":{"line":11,"column":34}},"11":{"start":{"line":12,"column":0},"end":{"line":12,"column":5}},"12":{"start":{"line":13,"column":0},"end":{"line":13,"column":9}},"14":{"start":{"line":15,"column":0},"end":{"line":15,"column":30}},"15":{"start":{"line":16,"column":0},"end":{"line":16,"column":25}},"16":{"start":{"line":17,"column":0},"end":{"line":17,"column":23}},"17":{"start":{"line":18,"column":0},"end":{"line":18,"column":4}},"19":{"start":{"line":20,"column":0},"end":{"line":20,"column":10}},"20":{"start":{"line":21,"column":0},"end":{"line":21,"column":26}},"21":{"start":{"line":22,"column":0},"end":{"line":22,"column":32}},"22":{"start":{"line":23,"column":0},"end":{"line":23,"column":55}},"23":{"start":{"line":24,"column":0},"end":{"line":24,"column":29}},"24":{"start":{"line":25,"column":0},"end":{"line":25,"column":82}},"25":{"start":{"line":26,"column":0},"end":{"line":26,"column":19}},"26":{"start":{"line":27,"column":0},"end":{"line":27,"column":19}},"27":{"start":{"line":28,"column":0},"end":{"line":28,"column":40}},"28":{"start":{"line":29,"column":0},"end":{"line":29,"column":46}},"29":{"start":{"line":30,"column":0},"end":{"line":30,"column":16}},"30":{"start":{"line":31,"column":0},"end":{"line":31,"column":14}},"31":{"start":{"line":32,"column":0},"end":{"line":32,"column":36}},"32":{"start":{"line":33,"column":0},"end":{"line":33,"column":39}},"33":{"start":{"line":34,"column":0},"end":{"line":34,"column":57}},"34":{"start":{"line":35,"column":0},"end":{"line":35,"column":45}},"35":{"start":{"line":36,"column":0},"end":{"line":36,"column":37}},"36":{"start":{"line":37,"column":0},"end":{"line":37,"column":19}},"37":{"start":{"line":38,"column":0},"end":{"line":38,"column":15}},"38":{"start":{"line":39,"column":0},"end":{"line":39,"column":39}},"39":{"start":{"line":40,"column":0},"end":{"line":40,"column":58}},"40":{"start":{"line":41,"column":0},"end":{"line":41,"column":49}},"41":{"start":{"line":42,"column":0},"end":{"line":42,"column":36}},"42":{"start":{"line":43,"column":0},"end":{"line":43,"column":19}},"43":{"start":{"line":44,"column":0},"end":{"line":44,"column":15}},"44":{"start":{"line":45,"column":0},"end":{"line":45,"column":52}},"45":{"start":{"line":46,"column":0},"end":{"line":46,"column":125}},"46":{"start":{"line":47,"column":0},"end":{"line":47,"column":52}},"47":{"start":{"line":48,"column":0},"end":{"line":48,"column":36}},"48":{"start":{"line":49,"column":0},"end":{"line":49,"column":19}},"49":{"start":{"line":50,"column":0},"end":{"line":50,"column":82}},"50":{"start":{"line":51,"column":0},"end":{"line":51,"column":43}},"51":{"start":{"line":52,"column":0},"end":{"line":52,"column":95}},"52":{"start":{"line":53,"column":0},"end":{"line":53,"column":19}},"53":{"start":{"line":54,"column":0},"end":{"line":54,"column":43}},"54":{"start":{"line":55,"column":0},"end":{"line":55,"column":92}},"55":{"start":{"line":56,"column":0},"end":{"line":56,"column":19}},"56":{"start":{"line":57,"column":0},"end":{"line":57,"column":17}},"57":{"start":{"line":58,"column":0},"end":{"line":58,"column":15}},"58":{"start":{"line":59,"column":0},"end":{"line":59,"column":39}},"59":{"start":{"line":60,"column":0},"end":{"line":60,"column":53}},"60":{"start":{"line":61,"column":0},"end":{"line":61,"column":46}},"61":{"start":{"line":62,"column":0},"end":{"line":62,"column":30}},"62":{"start":{"line":63,"column":0},"end":{"line":63,"column":19}},"63":{"start":{"line":64,"column":0},"end":{"line":64,"column":15}},"64":{"start":{"line":65,"column":0},"end":{"line":65,"column":39}},"65":{"start":{"line":66,"column":0},"end":{"line":66,"column":58}},"66":{"start":{"line":67,"column":0},"end":{"line":67,"column":53}},"67":{"start":{"line":68,"column":0},"end":{"line":68,"column":35}},"68":{"start":{"line":69,"column":0},"end":{"line":69,"column":19}},"69":{"start":{"line":70,"column":0},"end":{"line":70,"column":15}},"70":{"start":{"line":71,"column":0},"end":{"line":71,"column":39}},"71":{"start":{"line":72,"column":0},"end":{"line":72,"column":56}},"72":{"start":{"line":73,"column":0},"end":{"line":73,"column":56}},"73":{"start":{"line":74,"column":0},"end":{"line":74,"column":33}},"74":{"start":{"line":75,"column":0},"end":{"line":75,"column":19}},"75":{"start":{"line":76,"column":0},"end":{"line":76,"column":15}},"76":{"start":{"line":77,"column":0},"end":{"line":77,"column":39}},"77":{"start":{"line":78,"column":0},"end":{"line":78,"column":58}},"78":{"start":{"line":79,"column":0},"end":{"line":79,"column":46}},"79":{"start":{"line":80,"column":0},"end":{"line":80,"column":35}},"80":{"start":{"line":81,"column":0},"end":{"line":81,"column":19}},"81":{"start":{"line":82,"column":0},"end":{"line":82,"column":15}},"82":{"start":{"line":83,"column":0},"end":{"line":83,"column":39}},"83":{"start":{"line":84,"column":0},"end":{"line":84,"column":62}},"84":{"start":{"line":85,"column":0},"end":{"line":85,"column":48}},"85":{"start":{"line":86,"column":0},"end":{"line":86,"column":39}},"86":{"start":{"line":87,"column":0},"end":{"line":87,"column":19}},"87":{"start":{"line":88,"column":0},"end":{"line":88,"column":15}},"88":{"start":{"line":89,"column":0},"end":{"line":89,"column":39}},"89":{"start":{"line":90,"column":0},"end":{"line":90,"column":57}},"90":{"start":{"line":91,"column":0},"end":{"line":91,"column":46}},"91":{"start":{"line":92,"column":0},"end":{"line":92,"column":35}},"92":{"start":{"line":93,"column":0},"end":{"line":93,"column":19}},"93":{"start":{"line":94,"column":0},"end":{"line":94,"column":15}},"94":{"start":{"line":95,"column":0},"end":{"line":95,"column":39}},"95":{"start":{"line":96,"column":0},"end":{"line":96,"column":54}},"96":{"start":{"line":97,"column":0},"end":{"line":97,"column":54}},"97":{"start":{"line":98,"column":0},"end":{"line":98,"column":31}},"98":{"start":{"line":99,"column":0},"end":{"line":99,"column":19}},"99":{"start":{"line":100,"column":0},"end":{"line":100,"column":15}},"100":{"start":{"line":101,"column":0},"end":{"line":101,"column":39}},"101":{"start":{"line":102,"column":0},"end":{"line":102,"column":54}},"102":{"start":{"line":103,"column":0},"end":{"line":103,"column":49}},"103":{"start":{"line":104,"column":0},"end":{"line":104,"column":31}},"104":{"start":{"line":105,"column":0},"end":{"line":105,"column":19}},"105":{"start":{"line":106,"column":0},"end":{"line":106,"column":15}},"106":{"start":{"line":107,"column":0},"end":{"line":107,"column":13}},"107":{"start":{"line":108,"column":0},"end":{"line":108,"column":40}},"108":{"start":{"line":109,"column":0},"end":{"line":109,"column":76}},"109":{"start":{"line":110,"column":0},"end":{"line":110,"column":51}},"110":{"start":{"line":111,"column":0},"end":{"line":111,"column":31}},"111":{"start":{"line":112,"column":0},"end":{"line":112,"column":17}},"112":{"start":{"line":113,"column":0},"end":{"line":113,"column":14}},"113":{"start":{"line":114,"column":0},"end":{"line":114,"column":14}},"115":{"start":{"line":116,"column":0},"end":{"line":116,"column":2}},"117":{"start":{"line":118,"column":0},"end":{"line":118,"column":23}}},"s":{"0":1,"1":1,"3":1,"4":8,"5":8,"7":8,"8":4,"9":4,"10":4,"11":4,"12":8,"14":8,"15":1,"16":1,"17":1,"19":8,"20":8,"21":8,"22":8,"23":8,"24":8,"25":8,"26":8,"27":8,"28":8,"29":8,"30":8,"31":8,"32":8,"33":8,"34":8,"35":8,"36":8,"37":8,"38":8,"39":8,"40":8,"41":8,"42":8,"43":8,"44":8,"45":8,"46":8,"47":8,"48":8,"49":8,"50":8,"51":8,"52":8,"53":8,"54":8,"55":8,"56":8,"57":8,"58":8,"59":8,"60":8,"61":8,"62":8,"63":8,"64":8,"65":8,"66":8,"67":8,"68":8,"69":8,"70":8,"71":8,"72":8,"73":8,"74":8,"75":8,"76":8,"77":8,"78":8,"79":8,"80":8,"81":8,"82":8,"83":8,"84":8,"85":8,"86":8,"87":8,"88":8,"89":8,"90":8,"91":8,"92":8,"93":8,"94":8,"95":8,"96":8,"97":8,"98":8,"99":8,"100":8,"101":8,"102":8,"103":8,"104":8,"105":8,"106":8,"107":8,"108":8,"109":8,"110":8,"111":8,"112":8,"113":8,"115":8,"117":1},"branchMap":{"0":{"type":"branch","line":4,"loc":{"start":{"line":4,"column":16},"end":{"line":116,"column":2}},"locations":[{"start":{"line":4,"column":16},"end":{"line":116,"column":2}}]},"1":{"type":"branch","line":8,"loc":{"start":{"line":8,"column":12},"end":{"line":13,"column":5}},"locations":[{"start":{"line":8,"column":12},"end":{"line":13,"column":5}}]},"2":{"type":"branch","line":15,"loc":{"start":{"line":15,"column":23},"end":{"line":18,"column":4}},"locations":[{"start":{"line":15,"column":23},"end":{"line":18,"column":4}}]}},"b":{"0":[8],"1":[4],"2":[1]},"fnMap":{"0":{"name":"Sidebar","decl":{"start":{"line":4,"column":16},"end":{"line":116,"column":2}},"loc":{"start":{"line":4,"column":16},"end":{"line":116,"column":2}},"line":4},"1":{"name":"handleLogout","decl":{"start":{"line":15,"column":23},"end":{"line":18,"column":4}},"loc":{"start":{"line":15,"column":23},"end":{"line":18,"column":4}},"line":15}},"f":{"0":8,"1":1}}
,"C:\\Users\\a933652\\OneDrive - Eviden\\Escritorio\\FactuStock\\FactuStock-H1-2025\\Front\\FactuStock-Front\\src\\pages\\Caja.jsx": {"path":"C:\\Users\\a933652\\OneDrive - Eviden\\Escritorio\\FactuStock\\FactuStock-H1-2025\\Front\\FactuStock-Front\\src\\pages\\Caja.jsx","all":false,"statementMap":{"0":{"start":{"line":1,"column":0},"end":{"line":1,"column":51}},"1":{"start":{"line":2,"column":0},"end":{"line":2,"column":26}},"2":{"start":{"line":3,"column":0},"end":{"line":3,"column":31}},"3":{"start":{"line":4,"column":0},"end":{"line":4,"column":44}},"4":{"start":{"line":5,"column":0},"end":{"line":5,"column":47}},"5":{"start":{"line":6,"column":0},"end":{"line":6,"column":108}},"6":{"start":{"line":7,"column":0},"end":{"line":7,"column":54}},"8":{"start":{"line":9,"column":0},"end":{"line":9,"column":20}},"9":{"start":{"line":10,"column":0},"end":{"line":10,"column":23}},"10":{"start":{"line":11,"column":0},"end":{"line":11,"column":22}},"11":{"start":{"line":12,"column":0},"end":{"line":12,"column":2}},"13":{"start":{"line":14,"column":0},"end":{"line":14,"column":29}},"14":{"start":{"line":15,"column":0},"end":{"line":15,"column":43}},"15":{"start":{"line":16,"column":0},"end":{"line":16,"column":45}},"16":{"start":{"line":17,"column":0},"end":{"line":17,"column":54}},"17":{"start":{"line":18,"column":0},"end":{"line":18,"column":41}},"18":{"start":{"line":19,"column":0},"end":{"line":19,"column":55}},"19":{"start":{"line":20,"column":0},"end":{"line":20,"column":60}},"20":{"start":{"line":21,"column":0},"end":{"line":21,"column":54}},"21":{"start":{"line":22,"column":0},"end":{"line":22,"column":63}},"22":{"start":{"line":23,"column":0},"end":{"line":23,"column":59}},"23":{"start":{"line":24,"column":0},"end":{"line":24,"column":49}},"24":{"start":{"line":25,"column":0},"end":{"line":25,"column":52}},"25":{"start":{"line":26,"column":0},"end":{"line":26,"column":35}},"27":{"start":{"line":28,"column":0},"end":{"line":28,"column":21}},"28":{"start":{"line":29,"column":0},"end":{"line":29,"column":21}},"29":{"start":{"line":30,"column":0},"end":{"line":30,"column":66}},"30":{"start":{"line":31,"column":0},"end":{"line":31,"column":19}},"31":{"start":{"line":32,"column":0},"end":{"line":32,"column":9}},"33":{"start":{"line":34,"column":0},"end":{"line":34,"column":39}},"34":{"start":{"line":35,"column":0},"end":{"line":35,"column":17}},"35":{"start":{"line":36,"column":0},"end":{"line":36,"column":75}},"36":{"start":{"line":37,"column":0},"end":{"line":37,"column":55}},"38":{"start":{"line":39,"column":0},"end":{"line":39,"column":30}},"39":{"start":{"line":40,"column":0},"end":{"line":40,"column":73}},"40":{"start":{"line":41,"column":0},"end":{"line":41,"column":27}},"41":{"start":{"line":42,"column":0},"end":{"line":42,"column":17}},"43":{"start":{"line":44,"column":0},"end":{"line":44,"column":98}},"44":{"start":{"line":45,"column":0},"end":{"line":45,"column":66}},"45":{"start":{"line":46,"column":0},"end":{"line":46,"column":19}},"47":{"start":{"line":48,"column":0},"end":{"line":48,"column":46}},"48":{"start":{"line":49,"column":0},"end":{"line":49,"column":64}},"50":{"start":{"line":51,"column":0},"end":{"line":51,"column":54}},"51":{"start":{"line":52,"column":0},"end":{"line":52,"column":100}},"52":{"start":{"line":53,"column":0},"end":{"line":53,"column":69}},"53":{"start":{"line":54,"column":0},"end":{"line":54,"column":18}},"55":{"start":{"line":56,"column":0},"end":{"line":56,"column":45}},"56":{"start":{"line":57,"column":0},"end":{"line":57,"column":27}},"57":{"start":{"line":58,"column":0},"end":{"line":58,"column":56}},"58":{"start":{"line":59,"column":0},"end":{"line":59,"column":35}},"59":{"start":{"line":60,"column":0},"end":{"line":60,"column":13}},"60":{"start":{"line":61,"column":0},"end":{"line":61,"column":10}},"62":{"start":{"line":63,"column":0},"end":{"line":63,"column":20}},"63":{"start":{"line":64,"column":0},"end":{"line":64,"column":16}},"65":{"start":{"line":66,"column":0},"end":{"line":66,"column":35}},"66":{"start":{"line":67,"column":0},"end":{"line":67,"column":83}},"67":{"start":{"line":68,"column":0},"end":{"line":68,"column":26}},"68":{"start":{"line":69,"column":0},"end":{"line":69,"column":23}},"69":{"start":{"line":70,"column":0},"end":{"line":70,"column":46}},"70":{"start":{"line":71,"column":0},"end":{"line":71,"column":93}},"71":{"start":{"line":72,"column":0},"end":{"line":72,"column":32}},"72":{"start":{"line":73,"column":0},"end":{"line":73,"column":39}},"73":{"start":{"line":74,"column":0},"end":{"line":74,"column":46}},"74":{"start":{"line":75,"column":0},"end":{"line":75,"column":42}},"75":{"start":{"line":76,"column":0},"end":{"line":76,"column":58}},"76":{"start":{"line":77,"column":0},"end":{"line":77,"column":44}},"77":{"start":{"line":78,"column":0},"end":{"line":78,"column":33}},"78":{"start":{"line":79,"column":0},"end":{"line":79,"column":41}},"79":{"start":{"line":80,"column":0},"end":{"line":80,"column":39}},"80":{"start":{"line":81,"column":0},"end":{"line":81,"column":17}},"81":{"start":{"line":82,"column":0},"end":{"line":82,"column":15}},"82":{"start":{"line":83,"column":0},"end":{"line":83,"column":16}},"83":{"start":{"line":84,"column":0},"end":{"line":84,"column":31}},"84":{"start":{"line":85,"column":0},"end":{"line":85,"column":9}},"85":{"start":{"line":86,"column":0},"end":{"line":86,"column":6}},"87":{"start":{"line":88,"column":0},"end":{"line":88,"column":36}},"88":{"start":{"line":89,"column":0},"end":{"line":89,"column":28}},"89":{"start":{"line":90,"column":0},"end":{"line":90,"column":37}},"90":{"start":{"line":91,"column":0},"end":{"line":91,"column":6}},"92":{"start":{"line":93,"column":0},"end":{"line":93,"column":45}},"93":{"start":{"line":94,"column":0},"end":{"line":94,"column":13}},"94":{"start":{"line":95,"column":0},"end":{"line":95,"column":87}},"96":{"start":{"line":97,"column":0},"end":{"line":97,"column":30}},"97":{"start":{"line":98,"column":0},"end":{"line":98,"column":93}},"98":{"start":{"line":99,"column":0},"end":{"line":99,"column":65}},"99":{"start":{"line":100,"column":0},"end":{"line":100,"column":19}},"100":{"start":{"line":101,"column":0},"end":{"line":101,"column":13}},"102":{"start":{"line":103,"column":0},"end":{"line":103,"column":35}},"103":{"start":{"line":104,"column":0},"end":{"line":104,"column":82}},"104":{"start":{"line":105,"column":0},"end":{"line":105,"column":54}},"105":{"start":{"line":106,"column":0},"end":{"line":106,"column":43}},"106":{"start":{"line":107,"column":0},"end":{"line":107,"column":34}},"107":{"start":{"line":108,"column":0},"end":{"line":108,"column":34}},"108":{"start":{"line":109,"column":0},"end":{"line":109,"column":53}},"109":{"start":{"line":110,"column":0},"end":{"line":110,"column":14}},"111":{"start":{"line":112,"column":0},"end":{"line":112,"column":93}},"112":{"start":{"line":113,"column":0},"end":{"line":113,"column":61}},"113":{"start":{"line":114,"column":0},"end":{"line":114,"column":15}},"115":{"start":{"line":116,"column":0},"end":{"line":116,"column":35}},"116":{"start":{"line":117,"column":0},"end":{"line":117,"column":40}},"117":{"start":{"line":118,"column":0},"end":{"line":118,"column":130}},"118":{"start":{"line":119,"column":0},"end":{"line":119,"column":18}},"119":{"start":{"line":120,"column":0},"end":{"line":120,"column":29}},"120":{"start":{"line":121,"column":0},"end":{"line":121,"column":15}},"122":{"start":{"line":123,"column":0},"end":{"line":123,"column":31}},"123":{"start":{"line":124,"column":0},"end":{"line":124,"column":77}},"124":{"start":{"line":125,"column":0},"end":{"line":125,"column":25}},"125":{"start":{"line":126,"column":0},"end":{"line":126,"column":60}},"126":{"start":{"line":127,"column":0},"end":{"line":127,"column":86}},"127":{"start":{"line":128,"column":0},"end":{"line":128,"column":9}},"128":{"start":{"line":129,"column":0},"end":{"line":129,"column":6}},"130":{"start":{"line":131,"column":0},"end":{"line":131,"column":48}},"131":{"start":{"line":132,"column":0},"end":{"line":132,"column":13}},"132":{"start":{"line":133,"column":0},"end":{"line":133,"column":71}},"133":{"start":{"line":134,"column":0},"end":{"line":134,"column":76}},"134":{"start":{"line":135,"column":0},"end":{"line":135,"column":85}},"135":{"start":{"line":136,"column":0},"end":{"line":136,"column":23}},"136":{"start":{"line":137,"column":0},"end":{"line":137,"column":13}},"138":{"start":{"line":139,"column":0},"end":{"line":139,"column":44}},"139":{"start":{"line":140,"column":0},"end":{"line":140,"column":39}},"140":{"start":{"line":141,"column":0},"end":{"line":141,"column":71}},"141":{"start":{"line":142,"column":0},"end":{"line":142,"column":32}},"142":{"start":{"line":143,"column":0},"end":{"line":143,"column":39}},"143":{"start":{"line":144,"column":0},"end":{"line":144,"column":46}},"144":{"start":{"line":145,"column":0},"end":{"line":145,"column":42}},"145":{"start":{"line":146,"column":0},"end":{"line":146,"column":53}},"146":{"start":{"line":147,"column":0},"end":{"line":147,"column":44}},"147":{"start":{"line":148,"column":0},"end":{"line":148,"column":15}},"149":{"start":{"line":150,"column":0},"end":{"line":150,"column":37}},"150":{"start":{"line":151,"column":0},"end":{"line":151,"column":102}},"151":{"start":{"line":152,"column":0},"end":{"line":152,"column":65}},"152":{"start":{"line":153,"column":0},"end":{"line":153,"column":19}},"154":{"start":{"line":155,"column":0},"end":{"line":155,"column":46}},"155":{"start":{"line":156,"column":0},"end":{"line":156,"column":63}},"156":{"start":{"line":157,"column":0},"end":{"line":157,"column":127}},"157":{"start":{"line":158,"column":0},"end":{"line":158,"column":23}},"159":{"start":{"line":160,"column":0},"end":{"line":160,"column":80}},"160":{"start":{"line":161,"column":0},"end":{"line":161,"column":24}},"161":{"start":{"line":162,"column":0},"end":{"line":162,"column":80}},"162":{"start":{"line":163,"column":0},"end":{"line":163,"column":17}},"163":{"start":{"line":164,"column":0},"end":{"line":164,"column":13}},"164":{"start":{"line":165,"column":0},"end":{"line":165,"column":25}},"165":{"start":{"line":166,"column":0},"end":{"line":166,"column":61}},"166":{"start":{"line":167,"column":0},"end":{"line":167,"column":66}},"167":{"start":{"line":168,"column":0},"end":{"line":168,"column":87}},"168":{"start":{"line":169,"column":0},"end":{"line":169,"column":20}},"169":{"start":{"line":170,"column":0},"end":{"line":170,"column":91}},"170":{"start":{"line":171,"column":0},"end":{"line":171,"column":13}},"171":{"start":{"line":172,"column":0},"end":{"line":172,"column":9}},"172":{"start":{"line":173,"column":0},"end":{"line":173,"column":6}},"174":{"start":{"line":175,"column":0},"end":{"line":175,"column":73}},"175":{"start":{"line":176,"column":0},"end":{"line":176,"column":28}},"176":{"start":{"line":177,"column":0},"end":{"line":177,"column":28}},"177":{"start":{"line":178,"column":0},"end":{"line":178,"column":27}},"178":{"start":{"line":179,"column":0},"end":{"line":179,"column":35}},"179":{"start":{"line":180,"column":0},"end":{"line":180,"column":27}},"180":{"start":{"line":181,"column":0},"end":{"line":181,"column":32}},"181":{"start":{"line":182,"column":0},"end":{"line":182,"column":23}},"182":{"start":{"line":183,"column":0},"end":{"line":183,"column":28}},"183":{"start":{"line":184,"column":0},"end":{"line":184,"column":25}},"184":{"start":{"line":185,"column":0},"end":{"line":185,"column":41}},"185":{"start":{"line":186,"column":0},"end":{"line":186,"column":43}},"186":{"start":{"line":187,"column":0},"end":{"line":187,"column":7}},"188":{"start":{"line":189,"column":0},"end":{"line":189,"column":40}},"189":{"start":{"line":190,"column":0},"end":{"line":190,"column":25}},"190":{"start":{"line":191,"column":0},"end":{"line":191,"column":36}},"191":{"start":{"line":192,"column":0},"end":{"line":192,"column":99}},"192":{"start":{"line":193,"column":0},"end":{"line":193,"column":36}},"193":{"start":{"line":194,"column":0},"end":{"line":194,"column":99}},"194":{"start":{"line":195,"column":0},"end":{"line":195,"column":20}},"195":{"start":{"line":196,"column":0},"end":{"line":196,"column":28}},"196":{"start":{"line":197,"column":0},"end":{"line":197,"column":9}},"197":{"start":{"line":198,"column":0},"end":{"line":198,"column":6}},"199":{"start":{"line":200,"column":0},"end":{"line":200,"column":49}},"200":{"start":{"line":201,"column":0},"end":{"line":201,"column":29}},"201":{"start":{"line":202,"column":0},"end":{"line":202,"column":24}},"202":{"start":{"line":203,"column":0},"end":{"line":203,"column":84}},"203":{"start":{"line":204,"column":0},"end":{"line":204,"column":78}},"204":{"start":{"line":205,"column":0},"end":{"line":205,"column":44}},"205":{"start":{"line":206,"column":0},"end":{"line":206,"column":44}},"206":{"start":{"line":207,"column":0},"end":{"line":207,"column":23}},"207":{"start":{"line":208,"column":0},"end":{"line":208,"column":10}},"209":{"start":{"line":210,"column":0},"end":{"line":210,"column":40}},"210":{"start":{"line":211,"column":0},"end":{"line":211,"column":79}},"211":{"start":{"line":212,"column":0},"end":{"line":212,"column":10}},"212":{"start":{"line":213,"column":0},"end":{"line":213,"column":7}},"214":{"start":{"line":215,"column":0},"end":{"line":215,"column":85}},"216":{"start":{"line":217,"column":0},"end":{"line":217,"column":73}},"217":{"start":{"line":218,"column":0},"end":{"line":218,"column":57}},"218":{"start":{"line":219,"column":0},"end":{"line":219,"column":62}},"219":{"start":{"line":220,"column":0},"end":{"line":220,"column":83}},"221":{"start":{"line":222,"column":0},"end":{"line":222,"column":43}},"222":{"start":{"line":223,"column":0},"end":{"line":223,"column":32}},"223":{"start":{"line":224,"column":0},"end":{"line":224,"column":6}},"225":{"start":{"line":226,"column":0},"end":{"line":226,"column":43}},"226":{"start":{"line":227,"column":0},"end":{"line":227,"column":27}},"227":{"start":{"line":228,"column":0},"end":{"line":228,"column":30}},"228":{"start":{"line":229,"column":0},"end":{"line":229,"column":51}},"229":{"start":{"line":230,"column":0},"end":{"line":230,"column":29}},"230":{"start":{"line":231,"column":0},"end":{"line":231,"column":93}},"231":{"start":{"line":232,"column":0},"end":{"line":232,"column":31}},"232":{"start":{"line":233,"column":0},"end":{"line":233,"column":49}},"233":{"start":{"line":234,"column":0},"end":{"line":234,"column":63}},"235":{"start":{"line":236,"column":0},"end":{"line":236,"column":31}},"236":{"start":{"line":237,"column":0},"end":{"line":237,"column":33}},"237":{"start":{"line":238,"column":0},"end":{"line":238,"column":25}},"238":{"start":{"line":239,"column":0},"end":{"line":239,"column":18}},"239":{"start":{"line":240,"column":0},"end":{"line":240,"column":13}},"240":{"start":{"line":241,"column":0},"end":{"line":241,"column":16}},"241":{"start":{"line":242,"column":0},"end":{"line":242,"column":25}},"242":{"start":{"line":243,"column":0},"end":{"line":243,"column":89}},"243":{"start":{"line":244,"column":0},"end":{"line":244,"column":27}},"244":{"start":{"line":245,"column":0},"end":{"line":245,"column":45}},"245":{"start":{"line":246,"column":0},"end":{"line":246,"column":59}},"246":{"start":{"line":247,"column":0},"end":{"line":247,"column":21}},"248":{"start":{"line":249,"column":0},"end":{"line":249,"column":29}},"249":{"start":{"line":250,"column":0},"end":{"line":250,"column":21}},"250":{"start":{"line":251,"column":0},"end":{"line":251,"column":14}},"251":{"start":{"line":252,"column":0},"end":{"line":252,"column":25}},"252":{"start":{"line":253,"column":0},"end":{"line":253,"column":89}},"253":{"start":{"line":254,"column":0},"end":{"line":254,"column":27}},"254":{"start":{"line":255,"column":0},"end":{"line":255,"column":45}},"255":{"start":{"line":256,"column":0},"end":{"line":256,"column":59}},"256":{"start":{"line":257,"column":0},"end":{"line":257,"column":21}},"258":{"start":{"line":259,"column":0},"end":{"line":259,"column":29}},"259":{"start":{"line":260,"column":0},"end":{"line":260,"column":21}},"260":{"start":{"line":261,"column":0},"end":{"line":261,"column":14}},"262":{"start":{"line":263,"column":0},"end":{"line":263,"column":34}},"263":{"start":{"line":264,"column":0},"end":{"line":264,"column":137}},"264":{"start":{"line":265,"column":0},"end":{"line":265,"column":13}},"266":{"start":{"line":267,"column":0},"end":{"line":267,"column":87}},"267":{"start":{"line":268,"column":0},"end":{"line":268,"column":29}},"268":{"start":{"line":269,"column":0},"end":{"line":269,"column":71}},"269":{"start":{"line":270,"column":0},"end":{"line":270,"column":31}},"270":{"start":{"line":271,"column":0},"end":{"line":271,"column":49}},"271":{"start":{"line":272,"column":0},"end":{"line":272,"column":73}},"273":{"start":{"line":274,"column":0},"end":{"line":274,"column":41}},"274":{"start":{"line":275,"column":0},"end":{"line":275,"column":33}},"275":{"start":{"line":276,"column":0},"end":{"line":276,"column":25}},"276":{"start":{"line":277,"column":0},"end":{"line":277,"column":18}},"277":{"start":{"line":278,"column":0},"end":{"line":278,"column":13}},"279":{"start":{"line":280,"column":0},"end":{"line":280,"column":47}},"280":{"start":{"line":281,"column":0},"end":{"line":281,"column":137}},"281":{"start":{"line":282,"column":0},"end":{"line":282,"column":13}},"283":{"start":{"line":284,"column":0},"end":{"line":284,"column":25}},"284":{"start":{"line":285,"column":0},"end":{"line":285,"column":107}},"285":{"start":{"line":286,"column":0},"end":{"line":286,"column":27}},"286":{"start":{"line":287,"column":0},"end":{"line":287,"column":45}},"287":{"start":{"line":288,"column":0},"end":{"line":288,"column":68}},"289":{"start":{"line":290,"column":0},"end":{"line":290,"column":36}},"290":{"start":{"line":291,"column":0},"end":{"line":291,"column":29}},"291":{"start":{"line":292,"column":0},"end":{"line":292,"column":21}},"292":{"start":{"line":293,"column":0},"end":{"line":293,"column":14}},"293":{"start":{"line":294,"column":0},"end":{"line":294,"column":9}},"294":{"start":{"line":295,"column":0},"end":{"line":295,"column":23}},"295":{"start":{"line":296,"column":0},"end":{"line":296,"column":6}},"297":{"start":{"line":298,"column":0},"end":{"line":298,"column":12}},"298":{"start":{"line":299,"column":0},"end":{"line":299,"column":32}},"299":{"start":{"line":300,"column":0},"end":{"line":300,"column":23}},"300":{"start":{"line":301,"column":0},"end":{"line":301,"column":44}},"301":{"start":{"line":302,"column":0},"end":{"line":302,"column":118}},"303":{"start":{"line":304,"column":0},"end":{"line":304,"column":21}},"305":{"start":{"line":306,"column":0},"end":{"line":306,"column":26}},"306":{"start":{"line":307,"column":0},"end":{"line":307,"column":81}},"308":{"start":{"line":309,"column":0},"end":{"line":309,"column":22}},"309":{"start":{"line":310,"column":0},"end":{"line":310,"column":77}},"310":{"start":{"line":311,"column":0},"end":{"line":311,"column":35}},"311":{"start":{"line":312,"column":0},"end":{"line":312,"column":73}},"312":{"start":{"line":313,"column":0},"end":{"line":313,"column":143}},"313":{"start":{"line":314,"column":0},"end":{"line":314,"column":57}},"315":{"start":{"line":316,"column":0},"end":{"line":316,"column":65}},"317":{"start":{"line":318,"column":0},"end":{"line":318,"column":37}},"319":{"start":{"line":320,"column":0},"end":{"line":320,"column":90}},"320":{"start":{"line":321,"column":0},"end":{"line":321,"column":38}},"321":{"start":{"line":322,"column":0},"end":{"line":322,"column":47}},"322":{"start":{"line":323,"column":0},"end":{"line":323,"column":60}},"323":{"start":{"line":324,"column":0},"end":{"line":324,"column":59}},"324":{"start":{"line":325,"column":0},"end":{"line":325,"column":55}},"325":{"start":{"line":326,"column":0},"end":{"line":326,"column":84}},"326":{"start":{"line":327,"column":0},"end":{"line":327,"column":73}},"327":{"start":{"line":328,"column":0},"end":{"line":328,"column":73}},"328":{"start":{"line":329,"column":0},"end":{"line":329,"column":44}},"329":{"start":{"line":330,"column":0},"end":{"line":330,"column":60}},"330":{"start":{"line":331,"column":0},"end":{"line":331,"column":60}},"331":{"start":{"line":332,"column":0},"end":{"line":332,"column":65}},"332":{"start":{"line":333,"column":0},"end":{"line":333,"column":109}},"333":{"start":{"line":334,"column":0},"end":{"line":334,"column":93}},"334":{"start":{"line":335,"column":0},"end":{"line":335,"column":38}},"335":{"start":{"line":336,"column":0},"end":{"line":336,"column":34}},"336":{"start":{"line":337,"column":0},"end":{"line":337,"column":41}},"337":{"start":{"line":338,"column":0},"end":{"line":338,"column":65}},"338":{"start":{"line":339,"column":0},"end":{"line":339,"column":44}},"339":{"start":{"line":340,"column":0},"end":{"line":340,"column":53}},"340":{"start":{"line":341,"column":0},"end":{"line":341,"column":51}},"341":{"start":{"line":342,"column":0},"end":{"line":342,"column":96}},"342":{"start":{"line":343,"column":0},"end":{"line":343,"column":56}},"343":{"start":{"line":344,"column":0},"end":{"line":344,"column":38}},"344":{"start":{"line":345,"column":0},"end":{"line":345,"column":34}},"345":{"start":{"line":346,"column":0},"end":{"line":346,"column":34}},"346":{"start":{"line":347,"column":0},"end":{"line":347,"column":30}},"348":{"start":{"line":349,"column":0},"end":{"line":349,"column":58}},"349":{"start":{"line":350,"column":0},"end":{"line":350,"column":60}},"350":{"start":{"line":351,"column":0},"end":{"line":351,"column":57}},"351":{"start":{"line":352,"column":0},"end":{"line":352,"column":105}},"352":{"start":{"line":353,"column":0},"end":{"line":353,"column":40}},"353":{"start":{"line":354,"column":0},"end":{"line":354,"column":109}},"354":{"start":{"line":355,"column":0},"end":{"line":355,"column":41}},"355":{"start":{"line":356,"column":0},"end":{"line":356,"column":44}},"356":{"start":{"line":357,"column":0},"end":{"line":357,"column":40}},"358":{"start":{"line":359,"column":0},"end":{"line":359,"column":69}},"359":{"start":{"line":360,"column":0},"end":{"line":360,"column":105}},"360":{"start":{"line":361,"column":0},"end":{"line":361,"column":40}},"361":{"start":{"line":362,"column":0},"end":{"line":362,"column":55}},"362":{"start":{"line":363,"column":0},"end":{"line":363,"column":61}},"363":{"start":{"line":364,"column":0},"end":{"line":364,"column":58}},"364":{"start":{"line":365,"column":0},"end":{"line":365,"column":64}},"365":{"start":{"line":366,"column":0},"end":{"line":366,"column":64}},"366":{"start":{"line":367,"column":0},"end":{"line":367,"column":55}},"367":{"start":{"line":368,"column":0},"end":{"line":368,"column":55}},"368":{"start":{"line":369,"column":0},"end":{"line":369,"column":41}},"369":{"start":{"line":370,"column":0},"end":{"line":370,"column":44}},"370":{"start":{"line":371,"column":0},"end":{"line":371,"column":43}},"371":{"start":{"line":372,"column":0},"end":{"line":372,"column":74}},"372":{"start":{"line":373,"column":0},"end":{"line":373,"column":127}},"373":{"start":{"line":374,"column":0},"end":{"line":374,"column":75}},"374":{"start":{"line":375,"column":0},"end":{"line":375,"column":129}},"375":{"start":{"line":376,"column":0},"end":{"line":376,"column":123}},"376":{"start":{"line":377,"column":0},"end":{"line":377,"column":97}},"377":{"start":{"line":378,"column":0},"end":{"line":378,"column":79}},"378":{"start":{"line":379,"column":0},"end":{"line":379,"column":82}},"379":{"start":{"line":380,"column":0},"end":{"line":380,"column":48}},"380":{"start":{"line":381,"column":0},"end":{"line":381,"column":88}},"381":{"start":{"line":382,"column":0},"end":{"line":382,"column":59}},"382":{"start":{"line":383,"column":0},"end":{"line":383,"column":89}},"383":{"start":{"line":384,"column":0},"end":{"line":384,"column":97}},"384":{"start":{"line":385,"column":0},"end":{"line":385,"column":75}},"386":{"start":{"line":387,"column":0},"end":{"line":387,"column":66}},"387":{"start":{"line":388,"column":0},"end":{"line":388,"column":61}},"389":{"start":{"line":390,"column":0},"end":{"line":390,"column":49}},"390":{"start":{"line":391,"column":0},"end":{"line":391,"column":45}},"391":{"start":{"line":392,"column":0},"end":{"line":392,"column":39}},"392":{"start":{"line":393,"column":0},"end":{"line":393,"column":44}},"393":{"start":{"line":394,"column":0},"end":{"line":394,"column":40}},"395":{"start":{"line":396,"column":0},"end":{"line":396,"column":30}},"397":{"start":{"line":398,"column":0},"end":{"line":398,"column":44}},"398":{"start":{"line":399,"column":0},"end":{"line":399,"column":79}},"399":{"start":{"line":400,"column":0},"end":{"line":400,"column":82}},"400":{"start":{"line":401,"column":0},"end":{"line":401,"column":103}},"401":{"start":{"line":402,"column":0},"end":{"line":402,"column":47}},"402":{"start":{"line":403,"column":0},"end":{"line":403,"column":65}},"403":{"start":{"line":404,"column":0},"end":{"line":404,"column":70}},"404":{"start":{"line":405,"column":0},"end":{"line":405,"column":93}},"405":{"start":{"line":406,"column":0},"end":{"line":406,"column":72}},"406":{"start":{"line":407,"column":0},"end":{"line":407,"column":52}},"407":{"start":{"line":408,"column":0},"end":{"line":408,"column":79}},"408":{"start":{"line":409,"column":0},"end":{"line":409,"column":65}},"409":{"start":{"line":410,"column":0},"end":{"line":410,"column":62}},"410":{"start":{"line":411,"column":0},"end":{"line":411,"column":46}},"412":{"start":{"line":413,"column":0},"end":{"line":413,"column":61}},"413":{"start":{"line":414,"column":0},"end":{"line":414,"column":49}},"414":{"start":{"line":415,"column":0},"end":{"line":415,"column":41}},"415":{"start":{"line":416,"column":0},"end":{"line":416,"column":63}},"416":{"start":{"line":417,"column":0},"end":{"line":417,"column":112}},"417":{"start":{"line":418,"column":0},"end":{"line":418,"column":47}},"418":{"start":{"line":419,"column":0},"end":{"line":419,"column":65}},"419":{"start":{"line":420,"column":0},"end":{"line":420,"column":66}},"420":{"start":{"line":421,"column":0},"end":{"line":421,"column":93}},"421":{"start":{"line":422,"column":0},"end":{"line":422,"column":81}},"422":{"start":{"line":423,"column":0},"end":{"line":423,"column":52}},"423":{"start":{"line":424,"column":0},"end":{"line":424,"column":79}},"424":{"start":{"line":425,"column":0},"end":{"line":425,"column":65}},"425":{"start":{"line":426,"column":0},"end":{"line":426,"column":62}},"426":{"start":{"line":427,"column":0},"end":{"line":427,"column":46}},"428":{"start":{"line":429,"column":0},"end":{"line":429,"column":62}},"429":{"start":{"line":430,"column":0},"end":{"line":430,"column":49}},"430":{"start":{"line":431,"column":0},"end":{"line":431,"column":41}},"431":{"start":{"line":432,"column":0},"end":{"line":432,"column":37}},"432":{"start":{"line":433,"column":0},"end":{"line":433,"column":34}},"435":{"start":{"line":436,"column":0},"end":{"line":436,"column":74}},"436":{"start":{"line":437,"column":0},"end":{"line":437,"column":106}},"437":{"start":{"line":438,"column":0},"end":{"line":438,"column":75}},"438":{"start":{"line":439,"column":0},"end":{"line":439,"column":43}},"439":{"start":{"line":440,"column":0},"end":{"line":440,"column":40}},"440":{"start":{"line":441,"column":0},"end":{"line":441,"column":103}},"441":{"start":{"line":442,"column":0},"end":{"line":442,"column":65}},"442":{"start":{"line":443,"column":0},"end":{"line":443,"column":93}},"443":{"start":{"line":444,"column":0},"end":{"line":444,"column":53}},"444":{"start":{"line":445,"column":0},"end":{"line":445,"column":55}},"445":{"start":{"line":446,"column":0},"end":{"line":446,"column":68}},"446":{"start":{"line":447,"column":0},"end":{"line":447,"column":114}},"447":{"start":{"line":448,"column":0},"end":{"line":448,"column":96}},"448":{"start":{"line":449,"column":0},"end":{"line":449,"column":42}},"449":{"start":{"line":450,"column":0},"end":{"line":450,"column":49}},"450":{"start":{"line":451,"column":0},"end":{"line":451,"column":143}},"452":{"start":{"line":453,"column":0},"end":{"line":453,"column":45}},"453":{"start":{"line":454,"column":0},"end":{"line":454,"column":39}},"454":{"start":{"line":455,"column":0},"end":{"line":455,"column":39}},"455":{"start":{"line":456,"column":0},"end":{"line":456,"column":55}},"456":{"start":{"line":457,"column":0},"end":{"line":457,"column":62}},"457":{"start":{"line":458,"column":0},"end":{"line":458,"column":52}},"458":{"start":{"line":459,"column":0},"end":{"line":459,"column":61}},"459":{"start":{"line":460,"column":0},"end":{"line":460,"column":33}},"461":{"start":{"line":462,"column":0},"end":{"line":462,"column":41}},"462":{"start":{"line":463,"column":0},"end":{"line":463,"column":41}},"463":{"start":{"line":464,"column":0},"end":{"line":464,"column":32}},"464":{"start":{"line":465,"column":0},"end":{"line":465,"column":23}},"466":{"start":{"line":467,"column":0},"end":{"line":467,"column":18}},"467":{"start":{"line":468,"column":0},"end":{"line":468,"column":14}},"469":{"start":{"line":470,"column":0},"end":{"line":470,"column":2}},"471":{"start":{"line":472,"column":0},"end":{"line":472,"column":29}}},"s":{"0":1,"1":1,"2":1,"3":1,"4":1,"5":1,"6":1,"8":1,"9":1,"10":1,"11":1,"13":1,"14":27,"15":27,"16":27,"17":27,"18":27,"19":27,"20":27,"21":27,"22":27,"23":27,"24":27,"25":27,"27":27,"28":10,"29":1,"30":1,"31":1,"33":9,"34":9,"35":9,"36":9,"38":9,"39":0,"40":0,"41":0,"43":8,"44":8,"45":8,"47":8,"48":8,"50":8,"51":8,"52":8,"53":8,"55":8,"56":9,"57":1,"58":1,"59":1,"60":9,"62":9,"63":27,"65":27,"66":3,"67":3,"68":1,"69":1,"70":1,"71":1,"72":1,"73":1,"74":1,"75":1,"76":1,"77":1,"78":1,"79":1,"80":1,"81":1,"82":3,"83":2,"84":2,"85":3,"87":27,"88":1,"89":1,"90":1,"92":27,"93":1,"94":1,"96":1,"97":0,"98":0,"99":0,"100":0,"102":1,"103":1,"104":1,"105":1,"106":1,"107":1,"108":1,"109":1,"111":1,"112":1,"113":1,"115":1,"116":1,"117":0,"118":1,"119":1,"120":1,"122":1,"123":1,"124":1,"125":0,"126":0,"127":0,"128":1,"130":27,"131":1,"132":1,"133":1,"134":0,"135":0,"136":0,"138":1,"139":1,"140":1,"141":1,"142":1,"143":1,"144":1,"145":1,"146":1,"147":1,"149":1,"150":1,"151":1,"152":1,"154":1,"155":1,"156":1,"157":1,"159":1,"160":1,"161":0,"162":0,"163":1,"164":1,"165":0,"166":0,"167":0,"168":0,"169":0,"170":0,"171":0,"172":1,"174":27,"175":25,"176":25,"177":25,"178":25,"179":25,"180":25,"181":25,"182":25,"183":25,"184":25,"185":25,"186":25,"188":27,"189":25,"190":25,"191":14,"192":25,"193":11,"194":25,"195":0,"196":25,"197":25,"199":27,"200":48,"201":48,"202":48,"203":48,"204":48,"205":48,"206":48,"207":48,"209":48,"210":53,"211":48,"212":27,"214":27,"216":27,"217":27,"218":27,"219":27,"221":27,"222":1,"223":1,"225":27,"226":2,"227":2,"228":2,"229":6,"230":6,"231":6,"232":6,"233":6,"235":6,"236":6,"237":6,"238":6,"239":6,"240":2,"241":0,"242":0,"243":0,"244":0,"245":0,"246":0,"248":0,"249":0,"250":0,"251":0,"252":0,"253":0,"254":0,"255":0,"256":0,"258":0,"259":0,"260":0,"262":0,"263":0,"264":0,"266":0,"267":0,"268":0,"269":0,"270":0,"271":0,"273":0,"274":0,"275":0,"276":0,"277":0,"279":0,"280":0,"281":0,"283":0,"284":0,"285":0,"286":0,"287":0,"289":0,"290":0,"291":0,"292":0,"293":0,"294":2,"295":2,"297":27,"298":27,"299":27,"300":27,"301":27,"303":27,"305":27,"306":2,"308":25,"309":25,"310":25,"311":25,"312":25,"313":25,"315":25,"317":25,"319":25,"320":25,"321":25,"322":25,"323":25,"324":25,"325":25,"326":25,"327":25,"328":25,"329":25,"330":25,"331":25,"332":25,"333":25,"334":25,"335":25,"336":25,"337":25,"338":25,"339":25,"340":25,"341":25,"342":25,"343":25,"344":25,"345":25,"346":25,"348":25,"349":25,"350":16,"351":16,"352":16,"353":16,"354":16,"355":16,"356":16,"358":9,"359":9,"360":9,"361":9,"362":9,"363":9,"364":9,"365":9,"366":9,"367":9,"368":9,"369":9,"370":9,"371":9,"372":25,"373":25,"374":25,"375":25,"376":25,"377":25,"378":25,"379":25,"380":25,"381":14,"382":14,"383":14,"384":14,"386":14,"387":14,"389":25,"390":25,"391":9,"392":9,"393":9,"395":25,"397":25,"398":2,"399":2,"400":2,"401":2,"402":2,"403":2,"404":2,"405":2,"406":2,"407":2,"408":2,"409":2,"410":2,"412":2,"413":2,"414":2,"415":2,"416":2,"417":2,"418":2,"419":2,"420":2,"421":2,"422":2,"423":2,"424":2,"425":2,"426":2,"428":2,"429":2,"430":2,"431":2,"432":2,"435":25,"436":25,"437":25,"438":25,"439":25,"440":25,"441":25,"442":25,"443":25,"444":25,"445":25,"446":25,"447":25,"448":25,"449":25,"450":25,"452":25,"453":25,"454":25,"455":25,"456":25,"457":25,"458":25,"459":25,"461":25,"462":25,"463":25,"464":25,"466":27,"467":27,"469":27,"471":1},"branchMap":{"0":{"type":"branch","line":14,"loc":{"start":{"line":14,"column":22},"end":{"line":470,"column":2}},"locations":[{"start":{"line":14,"column":22},"end":{"line":470,"column":2}}]},"1":{"type":"branch","line":306,"loc":{"start":{"line":306,"column":17},"end":{"line":307,"column":81}},"locations":[{"start":{"line":306,"column":17},"end":{"line":307,"column":81}}]},"2":{"type":"branch","line":307,"loc":{"start":{"line":307,"column":75},"end":{"line":465,"column":23}},"locations":[{"start":{"line":307,"column":75},"end":{"line":465,"column":23}}]},"3":{"type":"branch","line":333,"loc":{"start":{"line":333,"column":73},"end":{"line":333,"column":99}},"locations":[{"start":{"line":333,"column":73},"end":{"line":333,"column":99}}]},"4":{"type":"branch","line":333,"loc":{"start":{"line":333,"column":87},"end":{"line":333,"column":109}},"locations":[{"start":{"line":333,"column":87},"end":{"line":333,"column":109}}]},"5":{"type":"branch","line":334,"loc":{"start":{"line":334,"column":63},"end":{"line":334,"column":86}},"locations":[{"start":{"line":334,"column":63},"end":{"line":334,"column":86}}]},"6":{"type":"branch","line":334,"loc":{"start":{"line":334,"column":77},"end":{"line":334,"column":93}},"locations":[{"start":{"line":334,"column":77},"end":{"line":334,"column":93}}]},"7":{"type":"branch","line":342,"loc":{"start":{"line":342,"column":63},"end":{"line":342,"column":89}},"locations":[{"start":{"line":342,"column":63},"end":{"line":342,"column":89}}]},"8":{"type":"branch","line":342,"loc":{"start":{"line":342,"column":77},"end":{"line":342,"column":96}},"locations":[{"start":{"line":342,"column":77},"end":{"line":342,"column":96}}]},"9":{"type":"branch","line":350,"loc":{"start":{"line":350,"column":55},"end":{"line":357,"column":40}},"locations":[{"start":{"line":350,"column":55},"end":{"line":357,"column":40}}]},"10":{"type":"branch","line":357,"loc":{"start":{"line":357,"column":32},"end":{"line":394,"column":40}},"locations":[{"start":{"line":357,"column":32},"end":{"line":394,"column":40}}]},"11":{"type":"branch","line":398,"loc":{"start":{"line":398,"column":38},"end":{"line":433,"column":34}},"locations":[{"start":{"line":398,"column":38},"end":{"line":433,"column":34}}]},"12":{"type":"branch","line":401,"loc":{"start":{"line":401,"column":80},"end":{"line":401,"column":97}},"locations":[{"start":{"line":401,"column":80},"end":{"line":401,"column":97}}]},"13":{"type":"branch","line":401,"loc":{"start":{"line":401,"column":84},"end":{"line":401,"column":99}},"locations":[{"start":{"line":401,"column":84},"end":{"line":401,"column":99}}]},"14":{"type":"branch","line":417,"loc":{"start":{"line":417,"column":80},"end":{"line":417,"column":106}},"locations":[{"start":{"line":417,"column":80},"end":{"line":417,"column":106}}]},"15":{"type":"branch","line":28,"loc":{"start":{"line":28,"column":14},"end":{"line":64,"column":7}},"locations":[{"start":{"line":28,"column":14},"end":{"line":64,"column":7}}]},"16":{"type":"branch","line":29,"loc":{"start":{"line":29,"column":20},"end":{"line":32,"column":9}},"locations":[{"start":{"line":29,"column":20},"end":{"line":32,"column":9}}]},"17":{"type":"branch","line":32,"loc":{"start":{"line":32,"column":8},"end":{"line":63,"column":20}},"locations":[{"start":{"line":32,"column":8},"end":{"line":63,"column":20}}]},"18":{"type":"branch","line":34,"loc":{"start":{"line":34,"column":26},"end":{"line":61,"column":10}},"locations":[{"start":{"line":34,"column":26},"end":{"line":61,"column":10}}]},"19":{"type":"branch","line":37,"loc":{"start":{"line":37,"column":31},"end":{"line":37,"column":55}},"locations":[{"start":{"line":37,"column":31},"end":{"line":37,"column":55}}]},"20":{"type":"branch","line":39,"loc":{"start":{"line":39,"column":29},"end":{"line":42,"column":17}},"locations":[{"start":{"line":39,"column":29},"end":{"line":42,"column":17}}]},"21":{"type":"branch","line":42,"loc":{"start":{"line":42,"column":16},"end":{"line":57,"column":21}},"locations":[{"start":{"line":42,"column":16},"end":{"line":57,"column":21}}]},"22":{"type":"branch","line":57,"loc":{"start":{"line":57,"column":12},"end":{"line":60,"column":13}},"locations":[{"start":{"line":57,"column":12},"end":{"line":60,"column":13}}]},"23":{"type":"branch","line":66,"loc":{"start":{"line":66,"column":28},"end":{"line":86,"column":6}},"locations":[{"start":{"line":66,"column":28},"end":{"line":86,"column":6}}]},"24":{"type":"branch","line":68,"loc":{"start":{"line":68,"column":25},"end":{"line":83,"column":15}},"locations":[{"start":{"line":68,"column":25},"end":{"line":83,"column":15}}]},"25":{"type":"branch","line":83,"loc":{"start":{"line":83,"column":8},"end":{"line":85,"column":9}},"locations":[{"start":{"line":83,"column":8},"end":{"line":85,"column":9}}]},"26":{"type":"branch","line":67,"loc":{"start":{"line":67,"column":39},"end":{"line":67,"column":81}},"locations":[{"start":{"line":67,"column":39},"end":{"line":67,"column":81}}]},"27":{"type":"branch","line":78,"loc":{"start":{"line":78,"column":20},"end":{"line":82,"column":13}},"locations":[{"start":{"line":78,"column":20},"end":{"line":82,"column":13}}]},"28":{"type":"branch","line":88,"loc":{"start":{"line":88,"column":29},"end":{"line":91,"column":6}},"locations":[{"start":{"line":88,"column":29},"end":{"line":91,"column":6}}]},"29":{"type":"branch","line":93,"loc":{"start":{"line":93,"column":32},"end":{"line":129,"column":6}},"locations":[{"start":{"line":93,"column":32},"end":{"line":129,"column":6}}]},"30":{"type":"branch","line":97,"loc":{"start":{"line":97,"column":29},"end":{"line":101,"column":13}},"locations":[{"start":{"line":97,"column":29},"end":{"line":101,"column":13}}]},"31":{"type":"branch","line":104,"loc":{"start":{"line":104,"column":34},"end":{"line":104,"column":82}},"locations":[{"start":{"line":104,"column":34},"end":{"line":104,"column":82}}]},"32":{"type":"branch","line":125,"loc":{"start":{"line":125,"column":8},"end":{"line":128,"column":9}},"locations":[{"start":{"line":125,"column":8},"end":{"line":128,"column":9}}]},"33":{"type":"branch","line":116,"loc":{"start":{"line":116,"column":21},"end":{"line":121,"column":13}},"locations":[{"start":{"line":116,"column":21},"end":{"line":121,"column":13}}]},"34":{"type":"branch","line":131,"loc":{"start":{"line":131,"column":29},"end":{"line":173,"column":6}},"locations":[{"start":{"line":131,"column":29},"end":{"line":173,"column":6}}]},"35":{"type":"branch","line":134,"loc":{"start":{"line":134,"column":75},"end":{"line":137,"column":13}},"locations":[{"start":{"line":134,"column":75},"end":{"line":137,"column":13}}]},"36":{"type":"branch","line":161,"loc":{"start":{"line":161,"column":16},"end":{"line":163,"column":17}},"locations":[{"start":{"line":161,"column":16},"end":{"line":163,"column":17}}]},"37":{"type":"branch","line":165,"loc":{"start":{"line":165,"column":8},"end":{"line":172,"column":9}},"locations":[{"start":{"line":165,"column":8},"end":{"line":172,"column":9}}]},"38":{"type":"branch","line":133,"loc":{"start":{"line":133,"column":43},"end":{"line":133,"column":69}},"locations":[{"start":{"line":133,"column":43},"end":{"line":133,"column":69}}]},"39":{"type":"branch","line":156,"loc":{"start":{"line":156,"column":29},"end":{"line":158,"column":21}},"locations":[{"start":{"line":156,"column":29},"end":{"line":158,"column":21}}]},"40":{"type":"branch","line":156,"loc":{"start":{"line":156,"column":56},"end":{"line":157,"column":127}},"locations":[{"start":{"line":156,"column":56},"end":{"line":157,"column":127}}]},"41":{"type":"branch","line":157,"loc":{"start":{"line":157,"column":119},"end":{"line":157,"column":127}},"locations":[{"start":{"line":157,"column":119},"end":{"line":157,"column":127}}]},"42":{"type":"branch","line":175,"loc":{"start":{"line":175,"column":26},"end":{"line":187,"column":7}},"locations":[{"start":{"line":175,"column":26},"end":{"line":187,"column":7}}]},"43":{"type":"branch","line":189,"loc":{"start":{"line":189,"column":27},"end":{"line":198,"column":6}},"locations":[{"start":{"line":189,"column":27},"end":{"line":198,"column":6}}]},"44":{"type":"branch","line":191,"loc":{"start":{"line":191,"column":12},"end":{"line":192,"column":99}},"locations":[{"start":{"line":191,"column":12},"end":{"line":192,"column":99}}]},"45":{"type":"branch","line":193,"loc":{"start":{"line":193,"column":12},"end":{"line":194,"column":99}},"locations":[{"start":{"line":193,"column":12},"end":{"line":194,"column":99}}]},"46":{"type":"branch","line":195,"loc":{"start":{"line":195,"column":12},"end":{"line":196,"column":28}},"locations":[{"start":{"line":195,"column":12},"end":{"line":196,"column":28}}]},"47":{"type":"branch","line":200,"loc":{"start":{"line":200,"column":40},"end":{"line":213,"column":5}},"locations":[{"start":{"line":200,"column":40},"end":{"line":213,"column":5}}]},"48":{"type":"branch","line":203,"loc":{"start":{"line":203,"column":17},"end":{"line":203,"column":81}},"locations":[{"start":{"line":203,"column":17},"end":{"line":203,"column":81}}]},"49":{"type":"branch","line":203,"loc":{"start":{"line":203,"column":77},"end":{"line":203,"column":84}},"locations":[{"start":{"line":203,"column":77},"end":{"line":203,"column":84}}]},"50":{"type":"branch","line":204,"loc":{"start":{"line":204,"column":17},"end":{"line":204,"column":75}},"locations":[{"start":{"line":204,"column":17},"end":{"line":204,"column":75}}]},"51":{"type":"branch","line":204,"loc":{"start":{"line":204,"column":71},"end":{"line":204,"column":78}},"locations":[{"start":{"line":204,"column":71},"end":{"line":204,"column":78}}]},"52":{"type":"branch","line":205,"loc":{"start":{"line":205,"column":17},"end":{"line":205,"column":41}},"locations":[{"start":{"line":205,"column":17},"end":{"line":205,"column":41}}]},"53":{"type":"branch","line":206,"loc":{"start":{"line":206,"column":17},"end":{"line":206,"column":42}},"locations":[{"start":{"line":206,"column":17},"end":{"line":206,"column":42}}]},"54":{"type":"branch","line":210,"loc":{"start":{"line":210,"column":32},"end":{"line":211,"column":79}},"locations":[{"start":{"line":210,"column":32},"end":{"line":211,"column":79}}]},"55":{"type":"branch","line":215,"loc":{"start":{"line":215,"column":24},"end":{"line":215,"column":83}},"locations":[{"start":{"line":215,"column":24},"end":{"line":215,"column":83}}]},"56":{"type":"branch","line":222,"loc":{"start":{"line":222,"column":29},"end":{"line":224,"column":6}},"locations":[{"start":{"line":222,"column":29},"end":{"line":224,"column":6}}]},"57":{"type":"branch","line":226,"loc":{"start":{"line":226,"column":36},"end":{"line":296,"column":6}},"locations":[{"start":{"line":226,"column":36},"end":{"line":296,"column":6}}]},"58":{"type":"branch","line":229,"loc":{"start":{"line":229,"column":50},"end":{"line":241,"column":15}},"locations":[{"start":{"line":229,"column":50},"end":{"line":241,"column":15}}]},"59":{"type":"branch","line":231,"loc":{"start":{"line":231,"column":72},"end":{"line":231,"column":87}},"locations":[{"start":{"line":231,"column":72},"end":{"line":231,"column":87}}]},"60":{"type":"branch","line":231,"loc":{"start":{"line":231,"column":76},"end":{"line":231,"column":89}},"locations":[{"start":{"line":231,"column":76},"end":{"line":231,"column":89}}]},"61":{"type":"branch","line":241,"loc":{"start":{"line":241,"column":8},"end":{"line":294,"column":9}},"locations":[{"start":{"line":241,"column":8},"end":{"line":294,"column":9}}]},"62":{"type":"branch","line":326,"loc":{"start":{"line":326,"column":46},"end":{"line":326,"column":84}},"locations":[{"start":{"line":326,"column":46},"end":{"line":326,"column":84}}]},"63":{"type":"branch","line":372,"loc":{"start":{"line":372,"column":56},"end":{"line":391,"column":45}},"locations":[{"start":{"line":372,"column":56},"end":{"line":391,"column":45}}]},"64":{"type":"branch","line":373,"loc":{"start":{"line":373,"column":98},"end":{"line":373,"column":114}},"locations":[{"start":{"line":373,"column":98},"end":{"line":373,"column":114}}]},"65":{"type":"branch","line":373,"loc":{"start":{"line":373,"column":102},"end":{"line":373,"column":124}},"locations":[{"start":{"line":373,"column":102},"end":{"line":373,"column":124}}]},"66":{"type":"branch","line":374,"loc":{"start":{"line":374,"column":54},"end":{"line":374,"column":70}},"locations":[{"start":{"line":374,"column":54},"end":{"line":374,"column":70}}]},"67":{"type":"branch","line":375,"loc":{"start":{"line":375,"column":54},"end":{"line":375,"column":118}},"locations":[{"start":{"line":375,"column":54},"end":{"line":375,"column":118}}]},"68":{"type":"branch","line":375,"loc":{"start":{"line":375,"column":114},"end":{"line":375,"column":124}},"locations":[{"start":{"line":375,"column":114},"end":{"line":375,"column":124}}]},"69":{"type":"branch","line":376,"loc":{"start":{"line":376,"column":54},"end":{"line":376,"column":112}},"locations":[{"start":{"line":376,"column":54},"end":{"line":376,"column":112}}]},"70":{"type":"branch","line":376,"loc":{"start":{"line":376,"column":108},"end":{"line":376,"column":118}},"locations":[{"start":{"line":376,"column":108},"end":{"line":376,"column":118}}]},"71":{"type":"branch","line":377,"loc":{"start":{"line":377,"column":54},"end":{"line":377,"column":78}},"locations":[{"start":{"line":377,"column":54},"end":{"line":377,"column":78}}]},"72":{"type":"branch","line":377,"loc":{"start":{"line":377,"column":79},"end":{"line":377,"column":91}},"locations":[{"start":{"line":377,"column":79},"end":{"line":377,"column":91}}]},"73":{"type":"branch","line":378,"loc":{"start":{"line":378,"column":54},"end":{"line":378,"column":74}},"locations":[{"start":{"line":378,"column":54},"end":{"line":378,"column":74}}]},"74":{"type":"branch","line":381,"loc":{"start":{"line":381,"column":76},"end":{"line":388,"column":61}},"locations":[{"start":{"line":381,"column":76},"end":{"line":388,"column":61}}]},"75":{"type":"branch","line":384,"loc":{"start":{"line":384,"column":65},"end":{"line":384,"column":97}},"locations":[{"start":{"line":384,"column":65},"end":{"line":384,"column":97}}]},"76":{"type":"branch","line":421,"loc":{"start":{"line":421,"column":53},"end":{"line":421,"column":93}},"locations":[{"start":{"line":421,"column":53},"end":{"line":421,"column":93}}]},"77":{"type":"branch","line":441,"loc":{"start":{"line":441,"column":48},"end":{"line":441,"column":103}},"locations":[{"start":{"line":441,"column":48},"end":{"line":441,"column":103}}]},"78":{"type":"branch","line":447,"loc":{"start":{"line":447,"column":54},"end":{"line":447,"column":114}},"locations":[{"start":{"line":447,"column":54},"end":{"line":447,"column":114}}]}},"b":{"0":[27],"1":[2],"2":[25],"3":[1],"4":[24],"5":[1],"6":[24],"7":[1],"8":[24],"9":[16],"10":[9],"11":[2],"12":[1],"13":[1],"14":[0],"15":[10],"16":[1],"17":[9],"18":[9],"19":[8],"20":[0],"21":[8],"22":[1],"23":[3],"24":[1],"25":[2],"26":[1],"27":[1],"28":[1],"29":[1],"30":[0],"31":[0],"32":[0],"33":[1],"34":[1],"35":[0],"36":[0],"37":[0],"38":[1],"39":[1],"40":[1],"41":[0],"42":[25],"43":[25],"44":[14],"45":[11],"46":[0],"47":[48],"48":[47],"49":[1],"50":[2],"51":[46],"52":[47],"53":[47],"54":[53],"55":[38],"56":[1],"57":[2],"58":[6],"59":[2],"60":[4],"61":[0],"62":[1],"63":[25],"64":[17],"65":[8],"66":[0],"67":[24],"68":[1],"69":[2],"70":[23],"71":[24],"72":[1],"73":[2],"74":[14],"75":[1],"76":[1],"77":[1],"78":[1]},"fnMap":{"0":{"name":"CajaComponent","decl":{"start":{"line":14,"column":22},"end":{"line":470,"column":2}},"loc":{"start":{"line":14,"column":22},"end":{"line":470,"column":2}},"line":14},"1":{"name":"fetchData","decl":{"start":{"line":34,"column":26},"end":{"line":61,"column":10}},"loc":{"start":{"line":34,"column":26},"end":{"line":61,"column":10}},"line":34},"2":{"name":"handleCrearCaja","decl":{"start":{"line":66,"column":28},"end":{"line":86,"column":6}},"loc":{"start":{"line":66,"column":28},"end":{"line":86,"column":6}},"line":66},"3":{"name":"handleCloseModal","decl":{"start":{"line":88,"column":29},"end":{"line":91,"column":6}},"loc":{"start":{"line":88,"column":29},"end":{"line":91,"column":6}},"line":88},"4":{"name":"handleSaveNuevaCaja","decl":{"start":{"line":93,"column":32},"end":{"line":129,"column":6}},"loc":{"start":{"line":93,"column":32},"end":{"line":129,"column":6}},"line":93},"5":{"name":"handleCerrarCaja","decl":{"start":{"line":131,"column":29},"end":{"line":173,"column":6}},"loc":{"start":{"line":131,"column":29},"end":{"line":173,"column":6}},"line":131},"6":{"name":"getBadgeStyle","decl":{"start":{"line":175,"column":26},"end":{"line":187,"column":7}},"loc":{"start":{"line":175,"column":26},"end":{"line":187,"column":7}},"line":175},"7":{"name":"getEstadoBadge","decl":{"start":{"line":189,"column":27},"end":{"line":198,"column":6}},"loc":{"start":{"line":189,"column":27},"end":{"line":198,"column":6}},"line":189},"8":{"name":"handleChangePage","decl":{"start":{"line":222,"column":29},"end":{"line":224,"column":6}},"loc":{"start":{"line":222,"column":29},"end":{"line":224,"column":6}},"line":222},"9":{"name":"renderPaginationButtons","decl":{"start":{"line":226,"column":36},"end":{"line":296,"column":6}},"loc":{"start":{"line":226,"column":36},"end":{"line":296,"column":6}},"line":226},"10":{"name":"onClick","decl":{"start":{"line":234,"column":37},"end":{"line":234,"column":63}},"loc":{"start":{"line":234,"column":37},"end":{"line":234,"column":63}},"line":234},"11":{"name":"onClick","decl":{"start":{"line":246,"column":33},"end":{"line":246,"column":59}},"loc":{"start":{"line":246,"column":33},"end":{"line":246,"column":59}},"line":246},"12":{"name":"onClick","decl":{"start":{"line":256,"column":33},"end":{"line":256,"column":59}},"loc":{"start":{"line":256,"column":33},"end":{"line":256,"column":59}},"line":256},"13":{"name":"onClick","decl":{"start":{"line":272,"column":37},"end":{"line":272,"column":73}},"loc":{"start":{"line":272,"column":37},"end":{"line":272,"column":73}},"line":272},"14":{"name":"onClick","decl":{"start":{"line":288,"column":33},"end":{"line":288,"column":68}},"loc":{"start":{"line":288,"column":33},"end":{"line":288,"column":68}},"line":288},"15":{"name":"onChange","decl":{"start":{"line":326,"column":46},"end":{"line":326,"column":84}},"loc":{"start":{"line":326,"column":46},"end":{"line":326,"column":84}},"line":326},"16":{"name":"onFocus","decl":{"start":{"line":327,"column":45},"end":{"line":327,"column":73}},"loc":{"start":{"line":327,"column":45},"end":{"line":327,"column":73}},"line":327},"17":{"name":"onBlur","decl":{"start":{"line":328,"column":44},"end":{"line":328,"column":73}},"loc":{"start":{"line":328,"column":44},"end":{"line":328,"column":73}},"line":328},"18":{"name":"onClick","decl":{"start":{"line":384,"column":65},"end":{"line":384,"column":97}},"loc":{"start":{"line":384,"column":65},"end":{"line":384,"column":97}},"line":384},"19":{"name":"onClick","decl":{"start":{"line":405,"column":53},"end":{"line":405,"column":93}},"loc":{"start":{"line":405,"column":53},"end":{"line":405,"column":93}},"line":405},"20":{"name":"onClick","decl":{"start":{"line":421,"column":53},"end":{"line":421,"column":93}},"loc":{"start":{"line":421,"column":53},"end":{"line":421,"column":93}},"line":421},"21":{"name":"onSubmit","decl":{"start":{"line":441,"column":48},"end":{"line":441,"column":103}},"loc":{"start":{"line":441,"column":48},"end":{"line":441,"column":103}},"line":441},"22":{"name":"onChange","decl":{"start":{"line":447,"column":54},"end":{"line":447,"column":114}},"loc":{"start":{"line":447,"column":54},"end":{"line":447,"column":114}},"line":447}},"f":{"0":27,"1":9,"2":3,"3":1,"4":1,"5":1,"6":25,"7":25,"8":1,"9":2,"10":0,"11":0,"12":0,"13":0,"14":0,"15":1,"16":0,"17":0,"18":1,"19":0,"20":1,"21":1,"22":1}}
,"C:\\Users\\a933652\\OneDrive - Eviden\\Escritorio\\FactuStock\\FactuStock-H1-2025\\Front\\FactuStock-Front\\src\\pages\\CategoryGasto.jsx": {"path":"C:\\Users\\a933652\\OneDrive - Eviden\\Escritorio\\FactuStock\\FactuStock-H1-2025\\Front\\FactuStock-Front\\src\\pages\\CategoryGasto.jsx","all":false,"statementMap":{"0":{"start":{"line":1,"column":0},"end":{"line":1,"column":51}},"1":{"start":{"line":2,"column":0},"end":{"line":2,"column":26}},"2":{"start":{"line":3,"column":0},"end":{"line":3,"column":31}},"3":{"start":{"line":4,"column":0},"end":{"line":4,"column":44}},"4":{"start":{"line":5,"column":0},"end":{"line":5,"column":100}},"6":{"start":{"line":7,"column":0},"end":{"line":7,"column":39}},"7":{"start":{"line":8,"column":0},"end":{"line":8,"column":63}},"8":{"start":{"line":9,"column":0},"end":{"line":9,"column":45}},"9":{"start":{"line":10,"column":0},"end":{"line":10,"column":103}},"10":{"start":{"line":11,"column":0},"end":{"line":11,"column":54}},"11":{"start":{"line":12,"column":0},"end":{"line":12,"column":54}},"12":{"start":{"line":13,"column":0},"end":{"line":13,"column":46}},"13":{"start":{"line":14,"column":0},"end":{"line":14,"column":55}},"14":{"start":{"line":15,"column":0},"end":{"line":15,"column":60}},"15":{"start":{"line":16,"column":0},"end":{"line":16,"column":59}},"16":{"start":{"line":17,"column":0},"end":{"line":17,"column":49}},"17":{"start":{"line":18,"column":0},"end":{"line":18,"column":52}},"19":{"start":{"line":20,"column":0},"end":{"line":20,"column":21}},"20":{"start":{"line":21,"column":0},"end":{"line":21,"column":21}},"21":{"start":{"line":22,"column":0},"end":{"line":22,"column":66}},"22":{"start":{"line":23,"column":0},"end":{"line":23,"column":19}},"23":{"start":{"line":24,"column":0},"end":{"line":24,"column":9}},"25":{"start":{"line":26,"column":0},"end":{"line":26,"column":39}},"26":{"start":{"line":27,"column":0},"end":{"line":27,"column":17}},"27":{"start":{"line":28,"column":0},"end":{"line":28,"column":75}},"28":{"start":{"line":29,"column":0},"end":{"line":29,"column":55}},"30":{"start":{"line":31,"column":0},"end":{"line":31,"column":30}},"31":{"start":{"line":32,"column":0},"end":{"line":32,"column":73}},"32":{"start":{"line":33,"column":0},"end":{"line":33,"column":27}},"33":{"start":{"line":34,"column":0},"end":{"line":34,"column":17}},"35":{"start":{"line":36,"column":0},"end":{"line":36,"column":98}},"36":{"start":{"line":37,"column":0},"end":{"line":37,"column":66}},"37":{"start":{"line":38,"column":0},"end":{"line":38,"column":19}},"39":{"start":{"line":40,"column":0},"end":{"line":40,"column":46}},"40":{"start":{"line":41,"column":0},"end":{"line":41,"column":64}},"42":{"start":{"line":43,"column":0},"end":{"line":43,"column":59}},"43":{"start":{"line":44,"column":0},"end":{"line":44,"column":110}},"44":{"start":{"line":45,"column":0},"end":{"line":45,"column":69}},"45":{"start":{"line":46,"column":0},"end":{"line":46,"column":18}},"47":{"start":{"line":48,"column":0},"end":{"line":48,"column":96}},"48":{"start":{"line":49,"column":0},"end":{"line":49,"column":90}},"49":{"start":{"line":50,"column":0},"end":{"line":50,"column":27}},"50":{"start":{"line":51,"column":0},"end":{"line":51,"column":61}},"51":{"start":{"line":52,"column":0},"end":{"line":52,"column":13}},"52":{"start":{"line":53,"column":0},"end":{"line":53,"column":10}},"54":{"start":{"line":55,"column":0},"end":{"line":55,"column":20}},"55":{"start":{"line":56,"column":0},"end":{"line":56,"column":16}},"57":{"start":{"line":58,"column":0},"end":{"line":58,"column":35}},"58":{"start":{"line":59,"column":0},"end":{"line":59,"column":67}},"59":{"start":{"line":60,"column":0},"end":{"line":60,"column":60}},"60":{"start":{"line":61,"column":0},"end":{"line":61,"column":84}},"61":{"start":{"line":62,"column":0},"end":{"line":62,"column":27}},"62":{"start":{"line":63,"column":0},"end":{"line":63,"column":6}},"64":{"start":{"line":65,"column":0},"end":{"line":65,"column":33}},"65":{"start":{"line":66,"column":0},"end":{"line":66,"column":27}},"67":{"start":{"line":68,"column":0},"end":{"line":68,"column":37}},"68":{"start":{"line":69,"column":0},"end":{"line":69,"column":85}},"69":{"start":{"line":70,"column":0},"end":{"line":70,"column":19}},"70":{"start":{"line":71,"column":0},"end":{"line":71,"column":9}},"72":{"start":{"line":73,"column":0},"end":{"line":73,"column":32}},"73":{"start":{"line":74,"column":0},"end":{"line":74,"column":94}},"74":{"start":{"line":75,"column":0},"end":{"line":75,"column":19}},"75":{"start":{"line":76,"column":0},"end":{"line":76,"column":9}},"77":{"start":{"line":78,"column":0},"end":{"line":78,"column":31}},"78":{"start":{"line":79,"column":0},"end":{"line":79,"column":42}},"79":{"start":{"line":80,"column":0},"end":{"line":80,"column":50}},"80":{"start":{"line":81,"column":0},"end":{"line":81,"column":10}},"82":{"start":{"line":83,"column":0},"end":{"line":83,"column":41}},"83":{"start":{"line":84,"column":0},"end":{"line":84,"column":151}},"84":{"start":{"line":85,"column":0},"end":{"line":85,"column":132}},"86":{"start":{"line":87,"column":0},"end":{"line":87,"column":15}},"87":{"start":{"line":88,"column":0},"end":{"line":88,"column":25}},"88":{"start":{"line":89,"column":0},"end":{"line":89,"column":36}},"89":{"start":{"line":90,"column":0},"end":{"line":90,"column":121}},"90":{"start":{"line":91,"column":0},"end":{"line":91,"column":41}},"91":{"start":{"line":92,"column":0},"end":{"line":92,"column":14}},"92":{"start":{"line":93,"column":0},"end":{"line":93,"column":134}},"93":{"start":{"line":94,"column":0},"end":{"line":94,"column":6}},"95":{"start":{"line":96,"column":0},"end":{"line":96,"column":36}},"96":{"start":{"line":97,"column":0},"end":{"line":97,"column":19}},"97":{"start":{"line":98,"column":0},"end":{"line":98,"column":36}},"98":{"start":{"line":99,"column":0},"end":{"line":99,"column":67}},"99":{"start":{"line":100,"column":0},"end":{"line":100,"column":28}},"100":{"start":{"line":101,"column":0},"end":{"line":101,"column":35}},"101":{"start":{"line":102,"column":0},"end":{"line":102,"column":39}},"102":{"start":{"line":103,"column":0},"end":{"line":103,"column":41}},"103":{"start":{"line":104,"column":0},"end":{"line":104,"column":47}},"104":{"start":{"line":105,"column":0},"end":{"line":105,"column":29}},"105":{"start":{"line":106,"column":0},"end":{"line":106,"column":37}},"106":{"start":{"line":107,"column":0},"end":{"line":107,"column":77}},"107":{"start":{"line":108,"column":0},"end":{"line":108,"column":65}},"108":{"start":{"line":109,"column":0},"end":{"line":109,"column":31}},"109":{"start":{"line":110,"column":0},"end":{"line":110,"column":85}},"110":{"start":{"line":111,"column":0},"end":{"line":111,"column":102}},"111":{"start":{"line":112,"column":0},"end":{"line":112,"column":45}},"112":{"start":{"line":113,"column":0},"end":{"line":113,"column":102}},"113":{"start":{"line":114,"column":0},"end":{"line":114,"column":13}},"114":{"start":{"line":115,"column":0},"end":{"line":115,"column":11}},"115":{"start":{"line":116,"column":0},"end":{"line":116,"column":6}},"117":{"start":{"line":118,"column":0},"end":{"line":118,"column":67}},"118":{"start":{"line":119,"column":0},"end":{"line":119,"column":77}},"119":{"start":{"line":120,"column":0},"end":{"line":120,"column":53}},"120":{"start":{"line":121,"column":0},"end":{"line":121,"column":6}},"122":{"start":{"line":123,"column":0},"end":{"line":123,"column":67}},"123":{"start":{"line":124,"column":0},"end":{"line":124,"column":77}},"124":{"start":{"line":125,"column":0},"end":{"line":125,"column":103}},"126":{"start":{"line":127,"column":0},"end":{"line":127,"column":83}},"128":{"start":{"line":129,"column":0},"end":{"line":129,"column":64}},"130":{"start":{"line":131,"column":0},"end":{"line":131,"column":43}},"131":{"start":{"line":132,"column":0},"end":{"line":132,"column":27}},"132":{"start":{"line":133,"column":0},"end":{"line":133,"column":30}},"133":{"start":{"line":134,"column":0},"end":{"line":134,"column":51}},"134":{"start":{"line":135,"column":0},"end":{"line":135,"column":29}},"135":{"start":{"line":136,"column":0},"end":{"line":136,"column":27}},"136":{"start":{"line":137,"column":0},"end":{"line":137,"column":31}},"137":{"start":{"line":138,"column":0},"end":{"line":138,"column":51}},"138":{"start":{"line":139,"column":0},"end":{"line":139,"column":92}},"140":{"start":{"line":141,"column":0},"end":{"line":141,"column":27}},"141":{"start":{"line":142,"column":0},"end":{"line":142,"column":29}},"142":{"start":{"line":143,"column":0},"end":{"line":143,"column":18}},"143":{"start":{"line":144,"column":0},"end":{"line":144,"column":13}},"144":{"start":{"line":145,"column":0},"end":{"line":145,"column":16}},"145":{"start":{"line":146,"column":0},"end":{"line":146,"column":25}},"146":{"start":{"line":147,"column":0},"end":{"line":147,"column":23}},"147":{"start":{"line":148,"column":0},"end":{"line":148,"column":27}},"148":{"start":{"line":149,"column":0},"end":{"line":149,"column":47}},"149":{"start":{"line":150,"column":0},"end":{"line":150,"column":88}},"150":{"start":{"line":151,"column":0},"end":{"line":151,"column":17}},"152":{"start":{"line":153,"column":0},"end":{"line":153,"column":25}},"153":{"start":{"line":154,"column":0},"end":{"line":154,"column":14}},"154":{"start":{"line":155,"column":0},"end":{"line":155,"column":25}},"155":{"start":{"line":156,"column":0},"end":{"line":156,"column":23}},"156":{"start":{"line":157,"column":0},"end":{"line":157,"column":27}},"157":{"start":{"line":158,"column":0},"end":{"line":158,"column":47}},"158":{"start":{"line":159,"column":0},"end":{"line":159,"column":88}},"159":{"start":{"line":160,"column":0},"end":{"line":160,"column":17}},"161":{"start":{"line":162,"column":0},"end":{"line":162,"column":25}},"162":{"start":{"line":163,"column":0},"end":{"line":163,"column":14}},"164":{"start":{"line":165,"column":0},"end":{"line":165,"column":34}},"165":{"start":{"line":166,"column":0},"end":{"line":166,"column":107}},"166":{"start":{"line":167,"column":0},"end":{"line":167,"column":13}},"168":{"start":{"line":169,"column":0},"end":{"line":169,"column":87}},"169":{"start":{"line":170,"column":0},"end":{"line":170,"column":29}},"170":{"start":{"line":171,"column":0},"end":{"line":171,"column":27}},"171":{"start":{"line":172,"column":0},"end":{"line":172,"column":41}},"172":{"start":{"line":173,"column":0},"end":{"line":173,"column":61}},"173":{"start":{"line":174,"column":0},"end":{"line":174,"column":60}},"175":{"start":{"line":176,"column":0},"end":{"line":176,"column":37}},"176":{"start":{"line":177,"column":0},"end":{"line":177,"column":29}},"177":{"start":{"line":178,"column":0},"end":{"line":178,"column":18}},"178":{"start":{"line":179,"column":0},"end":{"line":179,"column":13}},"180":{"start":{"line":181,"column":0},"end":{"line":181,"column":47}},"181":{"start":{"line":182,"column":0},"end":{"line":182,"column":107}},"182":{"start":{"line":183,"column":0},"end":{"line":183,"column":13}},"184":{"start":{"line":185,"column":0},"end":{"line":185,"column":25}},"185":{"start":{"line":186,"column":0},"end":{"line":186,"column":23}},"186":{"start":{"line":187,"column":0},"end":{"line":187,"column":36}},"187":{"start":{"line":188,"column":0},"end":{"line":188,"column":56}},"188":{"start":{"line":189,"column":0},"end":{"line":189,"column":97}},"190":{"start":{"line":191,"column":0},"end":{"line":191,"column":32}},"191":{"start":{"line":192,"column":0},"end":{"line":192,"column":25}},"192":{"start":{"line":193,"column":0},"end":{"line":193,"column":14}},"193":{"start":{"line":194,"column":0},"end":{"line":194,"column":9}},"194":{"start":{"line":195,"column":0},"end":{"line":195,"column":23}},"195":{"start":{"line":196,"column":0},"end":{"line":196,"column":6}},"197":{"start":{"line":198,"column":0},"end":{"line":198,"column":12}},"198":{"start":{"line":199,"column":0},"end":{"line":199,"column":32}},"199":{"start":{"line":200,"column":0},"end":{"line":200,"column":23}},"200":{"start":{"line":201,"column":0},"end":{"line":201,"column":44}},"201":{"start":{"line":202,"column":0},"end":{"line":202,"column":142}},"203":{"start":{"line":204,"column":0},"end":{"line":204,"column":88}},"205":{"start":{"line":206,"column":0},"end":{"line":206,"column":69}},"206":{"start":{"line":207,"column":0},"end":{"line":207,"column":27}},"207":{"start":{"line":208,"column":0},"end":{"line":208,"column":39}},"208":{"start":{"line":209,"column":0},"end":{"line":209,"column":135}},"209":{"start":{"line":210,"column":0},"end":{"line":210,"column":49}},"211":{"start":{"line":212,"column":0},"end":{"line":212,"column":57}},"213":{"start":{"line":214,"column":0},"end":{"line":214,"column":29}},"215":{"start":{"line":216,"column":0},"end":{"line":216,"column":82}},"216":{"start":{"line":217,"column":0},"end":{"line":217,"column":30}},"217":{"start":{"line":218,"column":0},"end":{"line":218,"column":39}},"218":{"start":{"line":219,"column":0},"end":{"line":219,"column":52}},"219":{"start":{"line":220,"column":0},"end":{"line":220,"column":51}},"220":{"start":{"line":221,"column":0},"end":{"line":221,"column":47}},"221":{"start":{"line":222,"column":0},"end":{"line":222,"column":76}
[...]
d":{"line":16,"column":83}},"16":{"start":{"line":17,"column":0},"end":{"line":17,"column":5}},"18":{"start":{"line":19,"column":0},"end":{"line":19,"column":39}},"20":{"start":{"line":21,"column":0},"end":{"line":21,"column":22}},"21":{"start":{"line":22,"column":0},"end":{"line":22,"column":43}},"22":{"start":{"line":23,"column":0},"end":{"line":23,"column":5}},"24":{"start":{"line":25,"column":0},"end":{"line":25,"column":29}},"27":{"start":{"line":28,"column":0},"end":{"line":28,"column":45}},"28":{"start":{"line":29,"column":0},"end":{"line":29,"column":47}},"30":{"start":{"line":31,"column":0},"end":{"line":31,"column":17}},"31":{"start":{"line":32,"column":0},"end":{"line":32,"column":19}},"32":{"start":{"line":33,"column":0},"end":{"line":33,"column":58}},"33":{"start":{"line":34,"column":0},"end":{"line":34,"column":16}},"34":{"start":{"line":35,"column":0},"end":{"line":35,"column":3}},"35":{"start":{"line":36,"column":0},"end":{"line":36,"column":2}},"38":{"start":{"line":39,"column":0},"end":{"line":39,"column":59}},"39":{"start":{"line":40,"column":0},"end":{"line":40,"column":7}},"40":{"start":{"line":41,"column":0},"end":{"line":41,"column":73}},"41":{"start":{"line":42,"column":0},"end":{"line":42,"column":21}},"42":{"start":{"line":43,"column":0},"end":{"line":43,"column":16}},"43":{"start":{"line":44,"column":0},"end":{"line":44,"column":43}},"44":{"start":{"line":45,"column":0},"end":{"line":45,"column":8}},"45":{"start":{"line":46,"column":0},"end":{"line":46,"column":48}},"46":{"start":{"line":47,"column":0},"end":{"line":47,"column":7}},"48":{"start":{"line":49,"column":0},"end":{"line":49,"column":47}},"50":{"start":{"line":51,"column":0},"end":{"line":51,"column":23}},"51":{"start":{"line":52,"column":0},"end":{"line":52,"column":85}},"52":{"start":{"line":53,"column":0},"end":{"line":53,"column":5}},"54":{"start":{"line":55,"column":0},"end":{"line":55,"column":24}},"55":{"start":{"line":56,"column":0},"end":{"line":56,"column":19}},"56":{"start":{"line":57,"column":0},"end":{"line":57,"column":76}},"57":{"start":{"line":58,"column":0},"end":{"line":58,"column":16}},"58":{"start":{"line":59,"column":0},"end":{"line":59,"column":3}},"59":{"start":{"line":60,"column":0},"end":{"line":60,"column":2}},"62":{"start":{"line":63,"column":0},"end":{"line":63,"column":38}},"63":{"start":{"line":64,"column":0},"end":{"line":64,"column":7}},"64":{"start":{"line":65,"column":0},"end":{"line":65,"column":57}},"65":{"start":{"line":66,"column":0},"end":{"line":66,"column":21}},"66":{"start":{"line":67,"column":0},"end":{"line":67,"column":16}},"67":{"start":{"line":68,"column":0},"end":{"line":68,"column":43}},"68":{"start":{"line":69,"column":0},"end":{"line":69,"column":8}},"69":{"start":{"line":70,"column":0},"end":{"line":70,"column":37}},"70":{"start":{"line":71,"column":0},"end":{"line":71,"column":7}},"72":{"start":{"line":73,"column":0},"end":{"line":73,"column":23}},"73":{"start":{"line":74,"column":0},"end":{"line":74,"column":41}},"74":{"start":{"line":75,"column":0},"end":{"line":75,"column":63}},"75":{"start":{"line":76,"column":0},"end":{"line":76,"column":5}},"77":{"start":{"line":78,"column":0},"end":{"line":78,"column":39}},"80":{"start":{"line":81,"column":0},"end":{"line":81,"column":21}},"81":{"start":{"line":82,"column":0},"end":{"line":82,"column":52}},"82":{"start":{"line":83,"column":0},"end":{"line":83,"column":58}},"83":{"start":{"line":84,"column":0},"end":{"line":84,"column":5}},"85":{"start":{"line":86,"column":0},"end":{"line":86,"column":16}},"86":{"start":{"line":87,"column":0},"end":{"line":87,"column":19}},"87":{"start":{"line":88,"column":0},"end":{"line":88,"column":56}},"88":{"start":{"line":89,"column":0},"end":{"line":89,"column":16}},"89":{"start":{"line":90,"column":0},"end":{"line":90,"column":3}},"90":{"start":{"line":91,"column":0},"end":{"line":91,"column":2}},"93":{"start":{"line":94,"column":0},"end":{"line":94,"column":49}},"94":{"start":{"line":95,"column":0},"end":{"line":95,"column":7}},"95":{"start":{"line":96,"column":0},"end":{"line":96,"column":104}},"96":{"start":{"line":97,"column":0},"end":{"line":97,"column":20}},"97":{"start":{"line":98,"column":0},"end":{"line":98,"column":16}},"98":{"start":{"line":99,"column":0},"end":{"line":99,"column":43}},"99":{"start":{"line":100,"column":0},"end":{"line":100,"column":7}},"100":{"start":{"line":101,"column":0},"end":{"line":101,"column":7}},"102":{"start":{"line":103,"column":0},"end":{"line":103,"column":23}},"103":{"start":{"line":104,"column":0},"end":{"line":104,"column":77}},"104":{"start":{"line":105,"column":0},"end":{"line":105,"column":5}},"106":{"start":{"line":107,"column":0},"end":{"line":107,"column":39}},"107":{"start":{"line":108,"column":0},"end":{"line":108,"column":39}},"108":{"start":{"line":109,"column":0},"end":{"line":109,"column":19}},"109":{"start":{"line":110,"column":0},"end":{"line":110,"column":65}},"110":{"start":{"line":111,"column":0},"end":{"line":111,"column":16}},"111":{"start":{"line":112,"column":0},"end":{"line":112,"column":3}},"112":{"start":{"line":113,"column":0},"end":{"line":113,"column":2}},"115":{"start":{"line":116,"column":0},"end":{"line":116,"column":43}},"116":{"start":{"line":117,"column":0},"end":{"line":117,"column":7}},"117":{"start":{"line":118,"column":0},"end":{"line":118,"column":95}},"118":{"start":{"line":119,"column":0},"end":{"line":119,"column":20}},"119":{"start":{"line":120,"column":0},"end":{"line":120,"column":16}},"120":{"start":{"line":121,"column":0},"end":{"line":121,"column":43}},"121":{"start":{"line":122,"column":0},"end":{"line":122,"column":7}},"122":{"start":{"line":123,"column":0},"end":{"line":123,"column":7}},"124":{"start":{"line":125,"column":0},"end":{"line":125,"column":23}},"125":{"start":{"line":126,"column":0},"end":{"line":126,"column":74}},"126":{"start":{"line":127,"column":0},"end":{"line":127,"column":5}},"128":{"start":{"line":129,"column":0},"end":{"line":129,"column":39}},"129":{"start":{"line":130,"column":0},"end":{"line":130,"column":39}},"130":{"start":{"line":131,"column":0},"end":{"line":131,"column":19}},"131":{"start":{"line":132,"column":0},"end":{"line":132,"column":62}},"132":{"start":{"line":133,"column":0},"end":{"line":133,"column":16}},"133":{"start":{"line":134,"column":0},"end":{"line":134,"column":3}},"134":{"start":{"line":135,"column":0},"end":{"line":135,"column":2}},"137":{"start":{"line":138,"column":0},"end":{"line":138,"column":31}},"138":{"start":{"line":139,"column":0},"end":{"line":139,"column":50}},"139":{"start":{"line":140,"column":0},"end":{"line":140,"column":31}},"140":{"start":{"line":141,"column":0},"end":{"line":141,"column":2}},"143":{"start":{"line":144,"column":0},"end":{"line":144,"column":22}},"144":{"start":{"line":145,"column":0},"end":{"line":145,"column":39}},"145":{"start":{"line":146,"column":0},"end":{"line":146,"column":38}},"146":{"start":{"line":147,"column":0},"end":{"line":147,"column":2}},"149":{"start":{"line":150,"column":0},"end":{"line":150,"column":28}},"150":{"start":{"line":151,"column":0},"end":{"line":151,"column":43}},"151":{"start":{"line":152,"column":0},"end":{"line":152,"column":2}},"154":{"start":{"line":155,"column":0},"end":{"line":155,"column":42}},"155":{"start":{"line":156,"column":0},"end":{"line":156,"column":31}},"157":{"start":{"line":158,"column":0},"end":{"line":158,"column":15}},"158":{"start":{"line":159,"column":0},"end":{"line":159,"column":46}},"159":{"start":{"line":160,"column":0},"end":{"line":160,"column":3}},"161":{"start":{"line":162,"column":0},"end":{"line":162,"column":7}},"162":{"start":{"line":163,"column":0},"end":{"line":163,"column":67}},"163":{"start":{"line":164,"column":0},"end":{"line":164,"column":20}},"164":{"start":{"line":165,"column":0},"end":{"line":165,"column":16}},"165":{"start":{"line":166,"column":0},"end":{"line":166,"column":41}},"166":{"start":{"line":167,"column":0},"end":{"line":167,"column":8}},"167":{"start":{"line":168,"column":0},"end":{"line":168,"column":7}},"169":{"start":{"line":170,"column":0},"end":{"line":170,"column":23}},"170":{"start":{"line":171,"column":0},"end":{"line":171,"column":83}},"171":{"start":{"line":172,"column":0},"end":{"line":172,"column":5}},"173":{"start":{"line":174,"column":0},"end":{"line":174,"column":39}},"174":{"start":{"line":175,"column":0},"end":{"line":175,"column":16}},"175":{"start":{"line":176,"column":0},"end":{"line":176,"column":19}},"176":{"start":{"line":177,"column":0},"end":{"line":177,"column":73}},"177":{"start":{"line":178,"column":0},"end":{"line":178,"column":16}},"178":{"start":{"line":179,"column":0},"end":{"line":179,"column":3}},"179":{"start":{"line":180,"column":0},"end":{"line":180,"column":2}},"182":{"start":{"line":183,"column":0},"end":{"line":183,"column":32}},"183":{"start":{"line":184,"column":0},"end":{"line":184,"column":7}},"184":{"start":{"line":185,"column":0},"end":{"line":185,"column":42}},"185":{"start":{"line":186,"column":0},"end":{"line":186,"column":67}},"186":{"start":{"line":187,"column":0},"end":{"line":187,"column":83}},"187":{"start":{"line":188,"column":0},"end":{"line":188,"column":67}},"188":{"start":{"line":189,"column":0},"end":{"line":189,"column":17}},"189":{"start":{"line":190,"column":0},"end":{"line":190,"column":35}},"190":{"start":{"line":191,"column":0},"end":{"line":191,"column":19}},"191":{"start":{"line":192,"column":0},"end":{"line":192,"column":56}},"192":{"start":{"line":193,"column":0},"end":{"line":193,"column":16}},"193":{"start":{"line":194,"column":0},"end":{"line":194,"column":3}},"194":{"start":{"line":195,"column":0},"end":{"line":195,"column":2}},"197":{"start":{"line":198,"column":0},"end":{"line":198,"column":30}},"198":{"start":{"line":199,"column":0},"end":{"line":199,"column":50}},"199":{"start":{"line":200,"column":0},"end":{"line":200,"column":14}},"200":{"start":{"line":201,"column":0},"end":{"line":201,"column":30}},"201":{"start":{"line":202,"column":0},"end":{"line":202,"column":3}},"202":{"start":{"line":203,"column":0},"end":{"line":203,"column":14}},"203":{"start":{"line":204,"column":0},"end":{"line":204,"column":2}},"206":{"start":{"line":207,"column":0},"end":{"line":207,"column":16}},"207":{"start":{"line":208,"column":0},"end":{"line":208,"column":8}},"208":{"start":{"line":209,"column":0},"end":{"line":209,"column":11}},"209":{"start":{"line":210,"column":0},"end":{"line":210,"column":22}},"210":{"start":{"line":211,"column":0},"end":{"line":211,"column":19}},"211":{"start":{"line":212,"column":0},"end":{"line":212,"column":18}},"212":{"start":{"line":213,"column":0},"end":{"line":213,"column":9}},"213":{"start":{"line":214,"column":0},"end":{"line":214,"column":23}},"214":{"start":{"line":215,"column":0},"end":{"line":215,"column":25}},"215":{"start":{"line":216,"column":0},"end":{"line":216,"column":15}},"216":{"start":{"line":217,"column":0},"end":{"line":217,"column":14}},"217":{"start":{"line":218,"column":0},"end":{"line":218,"column":17}},"218":{"start":{"line":219,"column":0},"end":{"line":219,"column":2}}},"s":{"0":1,"1":1,"4":1,"5":3,"6":3,"7":3,"8":3,"9":3,"10":3,"11":3,"12":3,"14":3,"15":1,"16":1,"18":2,"20":3,"21":1,"22":1,"24":1,"27":1,"28":1,"30":1,"31":3,"32":2,"33":2,"34":2,"35":3,"38":1,"39":2,"40":2,"41":2,"42":2,"43":2,"44":2,"45":2,"46":2,"48":2,"50":2,"51":1,"52":1,"54":1,"55":1,"56":1,"57":1,"58":1,"59":2,"62":1,"63":2,"64":2,"65":2,"66":2,"67":2,"68":2,"69":2,"70":2,"72":2,"73":1,"74":1,"75":1,"77":1,"80":1,"81":1,"82":1,"83":1,"85":1,"86":1,"87":1,"88":1,"89":1,"90":2,"93":1,"94":2,"95":2,"96":2,"97":2,"98":2,"99":2,"100":2,"102":2,"103":1,"104":1,"106":1,"107":1,"108":1,"109":1,"110":1,"111":1,"112":2,"115":1,"116":2,"117":2,"118":2,"119":2,"120":2,"121":2,"122":2,"124":2,"125":1,"126":1,"128":1,"129":1,"130":1,"131":1,"132":1,"133":1,"134":2,"137":1,"138":2,"139":2,"140":2,"143":1,"144":1,"145":1,"146":1,"149":1,"150":4,"151":4,"154":1,"155":3,"157":3,"158":1,"159":1,"161":2,"162":2,"163":2,"164":2,"165":2,"166":2,"167":2,"169":3,"170":1,"171":1,"173":1,"174":1,"175":1,"176":1,"177":1,"178":1,"179":3,"182":1,"183":3,"184":3,"185":3,"186":3,"187":38,"188":3,"189":3,"190":3,"191":1,"192":1,"193":1,"194":3,"197":1,"198":2,"199":2,"200":1,"201":1,"202":1,"203":1,"206":1,"207":1,"208":1,"209":1,"210":1,"211":1,"212":1,"213":1,"214":1,"215":1,"216":1,"217":1,"218":1},"branchMap":{"0":{"type":"branch","line":5,"loc":{"start":{"line":5,"column":14},"end":{"line":36,"column":2}},"locations":[{"start":{"line":5,"column":14},"end":{"line":36,"column":2}}]},"1":{"type":"branch","line":15,"loc":{"start":{"line":15,"column":22},"end":{"line":17,"column":5}},"locations":[{"start":{"line":15,"column":22},"end":{"line":17,"column":5}}]},"2":{"type":"branch","line":16,"loc":{"start":{"line":16,"column":41},"end":{"line":16,"column":79}},"locations":[{"start":{"line":16,"column":41},"end":{"line":16,"column":79}}]},"3":{"type":"branch","line":17,"loc":{"start":{"line":17,"column":4},"end":{"line":21,"column":21}},"locations":[{"start":{"line":17,"column":4},"end":{"line":21,"column":21}}]},"4":{"type":"branch","line":21,"loc":{"start":{"line":21,"column":21},"end":{"line":32,"column":11}},"locations":[{"start":{"line":21,"column":21},"end":{"line":32,"column":11}}]},"5":{"type":"branch","line":32,"loc":{"start":{"line":32,"column":2},"end":{"line":35,"column":3}},"locations":[{"start":{"line":32,"column":2},"end":{"line":35,"column":3}}]},"6":{"type":"branch","line":39,"loc":{"start":{"line":39,"column":31},"end":{"line":60,"column":2}},"locations":[{"start":{"line":39,"column":31},"end":{"line":60,"column":2}}]},"7":{"type":"branch","line":51,"loc":{"start":{"line":51,"column":22},"end":{"line":59,"column":3}},"locations":[{"start":{"line":51,"column":22},"end":{"line":59,"column":3}}]},"8":{"type":"branch","line":52,"loc":{"start":{"line":52,"column":22},"end":{"line":52,"column":83}},"locations":[{"start":{"line":52,"column":22},"end":{"line":52,"column":83}}]},"9":{"type":"branch","line":63,"loc":{"start":{"line":63,"column":17},"end":{"line":91,"column":2}},"locations":[{"start":{"line":63,"column":17},"end":{"line":91,"column":2}}]},"10":{"type":"branch","line":73,"loc":{"start":{"line":73,"column":22},"end":{"line":90,"column":3}},"locations":[{"start":{"line":73,"column":22},"end":{"line":90,"column":3}}]},"11":{"type":"branch","line":75,"loc":{"start":{"line":75,"column":22},"end":{"line":75,"column":61}},"locations":[{"start":{"line":75,"column":22},"end":{"line":75,"column":61}}]},"12":{"type":"branch","line":94,"loc":{"start":{"line":94,"column":28},"end":{"line":113,"column":2}},"locations":[{"start":{"line":94,"column":28},"end":{"line":113,"column":2}}]},"13":{"type":"branch","line":103,"loc":{"start":{"line":103,"column":22},"end":{"line":112,"column":3}},"locations":[{"start":{"line":103,"column":22},"end":{"line":112,"column":3}}]},"14":{"type":"branch","line":116,"loc":{"start":{"line":116,"column":25},"end":{"line":135,"column":2}},"locations":[{"start":{"line":116,"column":25},"end":{"line":135,"column":2}}]},"15":{"type":"branch","line":125,"loc":{"start":{"line":125,"column":22},"end":{"line":134,"column":3}},"locations":[{"start":{"line":125,"column":22},"end":{"line":134,"column":3}}]},"16":{"type":"branch","line":138,"loc":{"start":{"line":138,"column":24},"end":{"line":141,"column":2}},"locations":[{"start":{"line":138,"column":24},"end":{"line":141,"column":2}}]},"17":{"type":"branch","line":140,"loc":{"start":{"line":140,"column":9},"end":{"line":140,"column":31}},"locations":[{"start":{"line":140,"column":9},"end":{"line":140,"column":31}}]},"18":{"type":"branch","line":144,"loc":{"start":{"line":144,"column":15},"end":{"line":147,"column":2}},"locations":[{"start":{"line":144,"column":15},"end":{"line":147,"column":2}}]},"19":{"type":"branch","line":150,"loc":{"start":{"line":150,"column":21},"end":{"line":152,"column":2}},"locations":[{"start":{"line":150,"column":21},"end":{"line":152,"column":2}}]},"20":{"type":"branch","line":155,"loc":{"start":{"line":155,"column":29},"end":{"line":180,"column":2}},"locations":[{"start":{"line":155,"column":29},"end":{"line":180,"column":2}}]},"21":{"type":"branch","line":158,"loc":{"start":{"line":158,"column":14},"end":{"line":160,"column":3}},"locations":[{"start":{"line":158,"column":14},"end":{"line":160,"column":3}}]},"22":{"type":"branch","line":160,"loc":{"start":{"line":160,"column":2},"end":{"line":170,"column":22}},"locations":[{"start":{"line":160,"column":2},"end":{"line":170,"column":22}}]},"23":{"type":"branch","line":170,"loc":{"start":{"line":170,"column":22},"end":{"line":179,"column":3}},"locations":[{"start":{"line":170,"column":22},"end":{"line":179,"column":3}}]},"24":{"type":"branch","line":183,"loc":{"start":{"line":183,"column":20},"end":{"line":195,"column":2}},"locations":[{"start":{"line":183,"column":20},"end":{"line":195,"column":2}}]},"25":{"type":"branch","line":191,"loc":{"start":{"line":191,"column":2},"end":{"line":194,"column":3}},"locations":[{"start":{"line":191,"column":2},"end":{"line":194,"column":3}}]},"26":{"type":"branch","line":187,"loc":{"start":{"line":187,"column":70},"end":{"line":189,"column":5}},"locations":[{"start":{"line":187,"column":70},"end":{"line":189,"column":5}}]},"27":{"type":"branch","line":198,"loc":{"start":{"line":198,"column":23},"end":{"line":204,"column":2}},"locations":[{"start":{"line":198,"column":23},"end":{"line":204,"column":2}}]},"28":{"type":"branch","line":200,"loc":{"start":{"line":200,"column":13},"end":{"line":204,"column":2}},"locations":[{"start":{"line":200,"column":13},"end":{"line":204,"column":2}}]}},"b":{"0":[3],"1":[1],"2":[0],"3":[2],"4":[1],"5":[2],"6":[2],"7":[1],"8":[0],"9":[2],"10":[1],"11":[0],"12":[2],"13":[1],"14":[2],"15":[1],"16":[2],"17":[1],"18":[1],"19":[4],"20":[3],"21":[1],"22":[2],"23":[1],"24":[3],"25":[1],"26":[38],"27":[2],"28":[1]},"fnMap":{"0":{"name":"login","decl":{"start":{"line":5,"column":14},"end":{"line":36,"column":2}},"loc":{"start":{"line":5,"column":14},"end":{"line":36,"column":2}},"line":5},"1":{"name":"sendPasswordResetEmail","decl":{"start":{"line":39,"column":31},"end":{"line":60,"column":2}},"loc":{"start":{"line":39,"column":31},"end":{"line":60,"column":2}},"line":39},"2":{"name":"register","decl":{"start":{"line":63,"column":17},"end":{"line":91,"column":2}},"loc":{"start":{"line":63,"column":17},"end":{"line":91,"column":2}},"line":63},"3":{"name":"checkUsernameExists","decl":{"start":{"line":94,"column":28},"end":{"line":113,"column":2}},"loc":{"start":{"line":94,"column":28},"end":{"line":113,"column":2}},"line":94},"4":{"name":"checkEmailExists","decl":{"start":{"line":116,"column":25},"end":{"line":135,"column":2}},"loc":{"start":{"line":116,"column":25},"end":{"line":135,"column":2}},"line":116},"5":{"name":"isAuthenticated","decl":{"start":{"line":138,"column":24},"end":{"line":141,"column":2}},"loc":{"start":{"line":138,"column":24},"end":{"line":141,"column":2}},"line":138},"6":{"name":"logout","decl":{"start":{"line":144,"column":15},"end":{"line":147,"column":2}},"loc":{"start":{"line":144,"column":15},"end":{"line":147,"column":2}},"line":144},"7":{"name":"getAuthToken","decl":{"start":{"line":150,"column":21},"end":{"line":152,"column":2}},"loc":{"start":{"line":150,"column":21},"end":{"line":152,"column":2}},"line":150},"8":{"name":"getAuthenticatedData","decl":{"start":{"line":155,"column":29},"end":{"line":180,"column":2}},"loc":{"start":{"line":155,"column":29},"end":{"line":180,"column":2}},"line":155},"9":{"name":"decodeToken","decl":{"start":{"line":183,"column":20},"end":{"line":195,"column":2}},"loc":{"start":{"line":183,"column":20},"end":{"line":195,"column":2}},"line":183},"10":{"name":"getCurrentUser","decl":{"start":{"line":198,"column":23},"end":{"line":204,"column":2}},"loc":{"start":{"line":198,"column":23},"end":{"line":204,"column":2}},"line":198}},"f":{"0":3,"1":2,"2":2,"3":2,"4":2,"5":2,"6":1,"7":4,"8":3,"9":3,"10":2}}
}
